#
# A fatal error has been detected by the Java Runtime Environment:
#
#  SIGSEGV (0xb) at pc=0x000000010d040d8c, pid=2847, tid=17155
#
# JRE version: Java(TM) SE Runtime Environment (8.0_20-b26) (build 1.8.0_20-b26)
# Java VM: Java HotSpot(TM) 64-Bit Server VM (25.20-b23 mixed mode bsd-amd64 compressed oops)
# Problematic frame:
# V  [libjvm.dylib+0x422d8c]  Method::checked_resolve_jmethod_id(_jmethodID*)+0xe
#
# Failed to write core dump. Core dumps have been disabled. To enable core dumping, try "ulimit -c unlimited" before starting Java again
#
# If you would like to submit a bug report, please visit:
#   http://bugreport.sun.com/bugreport/crash.jsp
#

---------------  T H R E A D  ---------------

Current thread (0x00007fb90183f000):  JavaThread "JDWP Transport Listener: dt_socket" daemon [_thread_in_vm, id=17155, stack(0x0000700000b3b000,0x0000700000c3b000)]

siginfo: si_signo: 11 (SIGSEGV), si_code: 1 (SEGV_MAPERR), si_addr: 0x000007fb903b9903

Registers:
RAX=0x0000000000000001, RBX=0x0000700000c3aa8b, RCX=0x000000010d3f3c80, RDX=0x0000700000c3aa8b
RSP=0x0000700000c3a9d0, RBP=0x0000700000c3a9e0, RSI=0x00007fb90183f000, RDI=0x000007fb903b9903
R8 =0x0000000000000000, R9 =0x00007fb903b99840, R10=0x0000000053f9da16, R11=0x00007fb903b00000
R12=0x00007fb90183f000, R13=0x000007fb903b9903, R14=0x000007fb903b9903, R15=0x00007fb901505440
RIP=0x000000010d040d8c, EFLAGS=0x0000000000010206, ERR=0x0000000000000004
  TRAPNO=0x000000000000000e

Top of Stack: (sp=0x0000700000c3a9d0)
0x0000700000c3a9d0:   0000700000c3aa8b 0000700000c3aa8b
0x0000700000c3a9e0:   0000700000c3aa40 000000010cf52ec2
0x0000700000c3a9f0:   00007fb90183f000 0000000000000000
0x0000700000c3aa00:   0000000000000000 0000000000000000
0x0000700000c3aa10:   00007fb90183f000 00007fb90183f000
0x0000700000c3aa20:   0000700000c3aa8b 0000700000c3aa90
0x0000700000c3aa30:   000007fb903b9903 0000000000000001
0x0000700000c3aa40:   0000700000c3aa60 000000010dba07dc
0x0000700000c3aa50:   0000000000000001 0000700000c3ab08
0x0000700000c3aa60:   0000700000c3aad0 000000010db85263
0x0000700000c3aa70:   0000700000c3aaa0 00007fb903b97ce0
0x0000700000c3aa80:   0000000200000032 0000000100c3ab08
0x0000700000c3aa90:   0000000000000000 0000000000000000
0x0000700000c3aaa0:   0000000000000000 0000700000c3ac90
0x0000700000c3aab0:   000000010dba7eca 00007fb9015528b0
0x0000700000c3aac0:   0000700000c3ab08 000000010dbb3588
0x0000700000c3aad0:   0000700000c3aae0 000000010db8535c
0x0000700000c3aae0:   0000700000c3ad00 000000010db8e8f6
0x0000700000c3aaf0:   000001fe00000013 00000000000f0200
0x0000700000c3ab00:   00007fb903b231d0 0000700000c3ab7d
0x0000700000c3ab10:   00007fb900000107 0000700000c3ab20
0x0000700000c3ab20:   0000000000000025 0000700000c3ab58
0x0000700000c3ab30:   0000000000000000 0000000000000000
0x0000700000c3ab40:   000001fe0000001c 00007fff00004c80
0x0000700000c3ab50:   0000700000c3ab58 b97f000002000000
0x0000700000c3ab60:   0600000040019e03 00003e74696e693c
0x0000700000c3ab70:   0000005629280300 2c6c6c0100000000
0x0000700000c3ab80:   303d656461726720 00003e0000007d7d
0x0000700000c3ab90:   ffff8844d303b97f 0000ffffffffffff
0x0000700000c3aba0:   0001020001000000 003e000000000000
0x0000700000c3abb0:   009044d303b97f00 0064000000000000
0x0000700000c3abc0:   0103000100000000 3f00000000000000 

Instructions: (pc=0x000000010d040d8c)
0x000000010d040d6c:   40 48 48 85 c0 75 e0 30 c0 0f b6 c0 5d c3 31 c0
0x000000010d040d7c:   5d c3 55 48 89 e5 53 48 83 ec 08 48 85 ff 74 24
0x000000010d040d8c:   48 8b 1f 48 85 db 74 1c 48 83 fb 37 74 16 48 8b
0x000000010d040d9c:   03 48 89 df ff 50 10 84 c0 b8 00 00 00 00 48 0f 

Register to memory mapping:

RAX=0x0000000000000001 is an unknown value
RBX=0x0000700000c3aa8b is pointing into the stack for thread: 0x00007fb90183f000
RCX=0x000000010d3f3c80: UseMembar+0 in /Library/Java/JavaVirtualMachines/jdk1.8.0_20.jdk/Contents/Home/jre/lib/server/libjvm.dylib at 0x000000010cc1e000
RDX=0x0000700000c3aa8b is pointing into the stack for thread: 0x00007fb90183f000
RSP=0x0000700000c3a9d0 is pointing into the stack for thread: 0x00007fb90183f000
RBP=0x0000700000c3a9e0 is pointing into the stack for thread: 0x00007fb90183f000
RSI=0x00007fb90183f000 is a thread
RDI=0x000007fb903b9903 is an unknown value
R8 =0x0000000000000000 is an unknown value
R9 =0x00007fb903b99840 is an unknown value
R10=0x0000000053f9da16 is an unknown value
R11=0x00007fb903b00000 is an unknown value
R12=0x00007fb90183f000 is a thread
R13=0x000007fb903b9903 is an unknown value
R14=0x000007fb903b9903 is an unknown value
R15=0x00007fb901505440 is an unknown value


Stack: [0x0000700000b3b000,0x0000700000c3b000],  sp=0x0000700000c3a9d0,  free space=1022k
Native frames: (J=compiled Java code, j=interpreted, Vv=VM code, C=native code)
V  [libjvm.dylib+0x422d8c]  Method::checked_resolve_jmethod_id(_jmethodID*)+0xe
V  [libjvm.dylib+0x334ec2]  jvmti_IsMethodSynthetic+0xb2
C  [libjdwp.dylib+0x207dc]  isMethodSynthetic+0x63
C  [libjdwp.dylib+0x5263]  methods1+0x10b
C  [libjdwp.dylib+0x535c]  methodsWithGeneric+0xe
C  [libjdwp.dylib+0xe8f6]  debugLoop_run+0x1ce
C  [libjdwp.dylib+0x1f716]  attachThread+0x4d
V  [libjvm.dylib+0x375f22]  JvmtiAgentThread::call_start_function()+0x38
V  [libjvm.dylib+0x535a51]  JavaThread::thread_main_inner()+0x9b
V  [libjvm.dylib+0x537194]  JavaThread::run()+0x1c2
V  [libjvm.dylib+0x45d35a]  java_start(Thread*)+0xf6
C  [libsystem_pthread.dylib+0x399d]  _pthread_body+0x83
C  [libsystem_pthread.dylib+0x391a]  _pthread_body+0x0
C  [libsystem_pthread.dylib+0x1351]  thread_start+0xd
C  0x0000000000000000


---------------  P R O C E S S  ---------------

Java Threads: ( => current thread )
  0x00007fb908995000 JavaThread "localhost-startStop-2" daemon [_thread_blocked, id=5643, stack(0x0000700001965000,0x0000700001a65000)]
  0x00007fb907dec800 JavaThread "Tomcat-startStop-2" daemon [_thread_blocked, id=27147, stack(0x0000700000932000,0x0000700000a32000)]
  0x00007fb9061b1800 JavaThread "Thread-7" [_thread_blocked, id=24331, stack(0x0000700001862000,0x0000700001962000)]
  0x00007fb907d4e800 JavaThread "http-nio-8080-exec-2" daemon [_thread_blocked, id=25607, stack(0x000070000175f000,0x000070000185f000)]
  0x00007fb907ca3800 JavaThread "http-nio-8080-exec-1" daemon [_thread_blocked, id=25351, stack(0x000070000165c000,0x000070000175c000)]
  0x00007fb901804000 JavaThread "DestroyJavaVM" [_thread_blocked, id=4099, stack(0x0000700000084000,0x0000700000184000)]
  0x00007fb907869000 JavaThread "http-nio-8080-AsyncTimeout" daemon [_thread_blocked, id=29187, stack(0x0000700002280000,0x0000700002380000)]
  0x00007fb905395800 JavaThread "http-nio-8080-Acceptor-0" daemon [_thread_blocked, id=28675, stack(0x000070000217d000,0x000070000227d000)]
  0x00007fb905ff7800 JavaThread "http-nio-8080-ClientPoller-1" daemon [_thread_in_native, id=28163, stack(0x000070000207a000,0x000070000217a000)]
  0x00007fb902d85000 JavaThread "http-nio-8080-ClientPoller-0" daemon [_thread_in_native, id=27651, stack(0x0000700001f77000,0x0000700002077000)]
  0x00007fb907385800 JavaThread "NioBlockingSelector.BlockPoller-1" daemon [_thread_in_native, id=12811, stack(0x0000700001e74000,0x0000700001f74000)]
  0x00007fb906d54000 JavaThread "Live Reload Server" daemon [_thread_in_native, id=13579, stack(0x0000700001d71000,0x0000700001e71000)]
  0x00007fb904d46000 JavaThread "container-0" [_thread_blocked, id=26371, stack(0x0000700001b6b000,0x0000700001c6b000)]
  0x00007fb9020d1800 JavaThread "RMI TCP Accept-0" daemon [_thread_in_native, id=22791, stack(0x0000700001456000,0x0000700001556000)]
  0x00007fb9029ba800 JavaThread "RMI TCP Accept-50053" daemon [_thread_in_native, id=21251, stack(0x0000700001353000,0x0000700001453000)]
  0x00007fb90193f800 JavaThread "RMI TCP Accept-0" daemon [_thread_in_native, id=20739, stack(0x0000700001250000,0x0000700001350000)]
  0x00007fb90302c000 JavaThread "Service Thread" daemon [_thread_blocked, id=20227, stack(0x000070000114d000,0x000070000124d000)]
  0x00007fb90280d000 JavaThread "C1 CompilerThread2" daemon [_thread_blocked, id=19715, stack(0x000070000104a000,0x000070000114a000)]
  0x00007fb90183f800 JavaThread "C2 CompilerThread1" daemon [_thread_blocked, id=19203, stack(0x0000700000f47000,0x0000700001047000)]
  0x00007fb90281f000 JavaThread "C2 CompilerThread0" daemon [_thread_blocked, id=18691, stack(0x0000700000e44000,0x0000700000f44000)]
  0x00007fb903028000 JavaThread "JDWP Command Reader" daemon [_thread_in_native, id=18179, stack(0x0000700000d41000,0x0000700000e41000)]
  0x00007fb903029000 JavaThread "JDWP Event Helper Thread" daemon [_thread_blocked, id=17667, stack(0x0000700000c3e000,0x0000700000d3e000)]
=>0x00007fb90183f000 JavaThread "JDWP Transport Listener: dt_socket" daemon [_thread_in_vm, id=17155, stack(0x0000700000b3b000,0x0000700000c3b000)]
  0x00007fb903026800 JavaThread "Signal Dispatcher" daemon [_thread_blocked, id=14095, stack(0x0000700000a38000,0x0000700000b38000)]
  0x00007fb903030000 JavaThread "Finalizer" daemon [_thread_blocked, id=12291, stack(0x000070000082f000,0x000070000092f000)]
  0x00007fb90302f000 JavaThread "Reference Handler" daemon [_thread_blocked, id=11779, stack(0x000070000072c000,0x000070000082c000)]

Other Threads:
  0x00007fb902805000 VMThread [stack: 0x0000700000629000,0x0000700000729000] [id=11267]
  0x00007fb9020d2000 WatcherThread [stack: 0x0000700001559000,0x0000700001659000] [id=23299]

VM state:not at safepoint (normal execution)

VM Mutex/Monitor currently owned by a thread: None

Heap:
 PSYoungGen      total 168960K, used 30154K [0x000000078ab00000, 0x0000000796d00000, 0x00000007c0000000)
  eden space 160256K, 13% used [0x000000078ab00000,0x000000078c00fae0,0x0000000794780000)
  from space 8704K, 98% used [0x0000000796480000,0x0000000796ce2e78,0x0000000796d00000)
  to   space 16384K, 0% used [0x0000000794d00000,0x0000000794d00000,0x0000000795d00000)
 ParOldGen       total 123904K, used 22551K [0x0000000720000000, 0x0000000727900000, 0x000000078ab00000)
  object space 123904K, 18% used [0x0000000720000000,0x0000000721605c30,0x0000000727900000)
 Metaspace       used 40530K, capacity 40838K, committed 41264K, reserved 1085440K
  class space    used 4976K, capacity 5086K, committed 5168K, reserved 1048576K

Card table byte_map: [0x000000011d7c0000,0x000000011dcc1000] byte_map_base: 0x0000000119ec0000

Marking Bits: (ParMarkBitMap*) 0x000000010d4ba330
 Begin Bits: [0x000000011e017000, 0x0000000120817000)
 End Bits:   [0x0000000120817000, 0x0000000123017000)

Polling page: 0x000000010db7f000

CodeCache: size=245760Kb used=14469Kb max_used=14503Kb free=231290Kb
 bounds [0x000000010e400000, 0x000000010f290000, 0x000000011d400000]
 total_blobs=4256 nmethods=3572 adapters=605
 compilation: enabled

Compilation events (10 events):
Event: 81.284 Thread 0x00007fb90280d000 4175       3       java.io.File::getAbsolutePath (8 bytes)
Event: 81.284 Thread 0x00007fb90280d000 nmethod 4175 0x000000010e689990 code [0x000000010e689b80, 0x000000010e68a1f8]
Event: 81.291 Thread 0x00007fb90281f000 nmethod 4180 0x000000010ed3ac90 code [0x000000010ed3ae20, 0x000000010ed3b4b8]
Event: 81.291 Thread 0x00007fb90281f000 4186       4       java.util.HashMap::removeNode (291 bytes)
Event: 81.293 Thread 0x00007fb90280d000 4187   !   3       java.util.concurrent.ConcurrentHashMap::replaceNode (416 bytes)
Event: 81.297 Thread 0x00007fb90280d000 nmethod 4187 0x000000010ed33d50 code [0x000000010ed34060, 0x000000010ed35e88]
Event: 81.297 Thread 0x00007fb90280d000 4188   !   3       java.util.concurrent.ConcurrentHashMap::clear (176 bytes)
Event: 81.298 Thread 0x00007fb90280d000 nmethod 4188 0x000000010e605810 code [0x000000010e605a20, 0x000000010e606878]
Event: 81.309 Thread 0x00007fb90183f800 nmethod 4178 0x000000010e784f90 code [0x000000010e7851c0, 0x000000010e785e00]
Event: 81.312 Thread 0x00007fb90281f000 nmethod 4186 0x000000010e93d050 code [0x000000010e93d200, 0x000000010e93db08]

GC Heap History (10 events):
Event: 8.364 GC heap before
{Heap before GC invocations=8 (full 1):
 PSYoungGen      total 99840K, used 95724K [0x000000078ab00000, 0x0000000793b00000, 0x00000007c0000000)
  eden space 86528K, 100% used [0x000000078ab00000,0x000000078ff80000,0x000000078ff80000)
  from space 13312K, 69% used [0x0000000790d00000,0x00000007915fb000,0x0000000791a00000)
  to   space 13824K, 0% used [0x000000078ff80000,0x000000078ff80000,0x0000000790d00000)
 ParOldGen       total 79360K, used 10502K [0x0000000720000000, 0x0000000724d80000, 0x000000078ab00000)
  object space 79360K, 13% used [0x0000000720000000,0x0000000720a41bf0,0x0000000724d80000)
 Metaspace       used 28275K, capacity 28642K, committed 28976K, reserved 1075200K
  class space    used 3460K, capacity 3547K, committed 3632K, reserved 1048576K
Event: 8.378 GC heap after
Heap after GC invocations=8 (full 1):
 PSYoungGen      total 100352K, used 9237K [0x000000078ab00000, 0x0000000794580000, 0x00000007c0000000)
  eden space 86528K, 0% used [0x000000078ab00000,0x000000078ab00000,0x000000078ff80000)
  from space 13824K, 66% used [0x000000078ff80000,0x0000000790885688,0x0000000790d00000)
  to   space 13824K, 0% used [0x0000000793800000,0x0000000793800000,0x0000000794580000)
 ParOldGen       total 79360K, used 10510K [0x0000000720000000, 0x0000000724d80000, 0x000000078ab00000)
  object space 79360K, 13% used [0x0000000720000000,0x0000000720a43bf0,0x0000000724d80000)
 Metaspace       used 28275K, capacity 28642K, committed 28976K, reserved 1075200K
  class space    used 3460K, capacity 3547K, committed 3632K, reserved 1048576K
}
Event: 10.028 GC heap before
{Heap before GC invocations=9 (full 1):
 PSYoungGen      total 100352K, used 95765K [0x000000078ab00000, 0x0000000794580000, 0x00000007c0000000)
  eden space 86528K, 100% used [0x000000078ab00000,0x000000078ff80000,0x000000078ff80000)
  from space 13824K, 66% used [0x000000078ff80000,0x0000000790885688,0x0000000790d00000)
  to   space 13824K, 0% used [0x0000000793800000,0x0000000793800000,0x0000000794580000)
 ParOldGen       total 79360K, used 10510K [0x0000000720000000, 0x0000000724d80000, 0x000000078ab00000)
  object space 79360K, 13% used [0x0000000720000000,0x0000000720a43bf0,0x0000000724d80000)
 Metaspace       used 32223K, capacity 32500K, committed 32816K, reserved 1077248K
  class space    used 3947K, capacity 4037K, committed 4144K, reserved 1048576K
Event: 10.061 GC heap after
Heap after GC invocations=9 (full 1):
 PSYoungGen      total 142848K, used 12136K [0x000000078ab00000, 0x0000000794b00000, 0x00000007c0000000)
  eden space 129024K, 0% used [0x000000078ab00000,0x000000078ab00000,0x0000000792900000)
  from space 13824K, 87% used [0x0000000793800000,0x00000007943da1b0,0x0000000794580000)
  to   space 15360K, 0% used [0x0000000792900000,0x0000000792900000,0x0000000793800000)
 ParOldGen       total 79360K, used 10518K [0x0000000720000000, 0x0000000724d80000, 0x000000078ab00000)
  object space 79360K, 13% used [0x0000000720000000,0x0000000720a45bf0,0x0000000724d80000)
 Metaspace       used 32223K, capacity 32500K, committed 32816K, reserved 1077248K
  class space    used 3947K, capacity 4037K, committed 4144K, reserved 1048576K
}
Event: 11.468 GC heap before
{Heap before GC invocations=10 (full 1):
 PSYoungGen      total 142848K, used 88668K [0x000000078ab00000, 0x0000000794b00000, 0x00000007c0000000)
  eden space 129024K, 59% used [0x000000078ab00000,0x000000078f5bcec0,0x0000000792900000)
  from space 13824K, 87% used [0x0000000793800000,0x00000007943da1b0,0x0000000794580000)
  to   space 15360K, 0% used [0x0000000792900000,0x0000000792900000,0x0000000793800000)
 ParOldGen       total 79360K, used 10518K [0x0000000720000000, 0x0000000724d80000, 0x000000078ab00000)
  object space 79360K, 13% used [0x0000000720000000,0x0000000720a45bf0,0x0000000724d80000)
 Metaspace       used 34884K, capacity 35166K, committed 35496K, reserved 1081344K
  class space    used 4207K, capacity 4303K, committed 4400K, reserved 1048576K
Event: 11.496 GC heap after
Heap after GC invocations=10 (full 1):
 PSYoungGen      total 144384K, used 14278K [0x000000078ab00000, 0x0000000797500000, 0x00000007c0000000)
  eden space 129024K, 0% used [0x000000078ab00000,0x000000078ab00000,0x0000000792900000)
  from space 15360K, 92% used [0x0000000792900000,0x00000007936f1928,0x0000000793800000)
  to   space 16896K, 0% used [0x0000000796480000,0x0000000796480000,0x0000000797500000)
 ParOldGen       total 79360K, used 10526K [0x0000000720000000, 0x0000000724d80000, 0x000000078ab00000)
  object space 79360K, 13% used [0x0000000720000000,0x0000000720a47bf0,0x0000000724d80000)
 Metaspace       used 34884K, capacity 35166K, committed 35496K, reserved 1081344K
  class space    used 4207K, capacity 4303K, committed 4400K, reserved 1048576K
}
Event: 11.496 GC heap before
{Heap before GC invocations=11 (full 2):
 PSYoungGen      total 144384K, used 14278K [0x000000078ab00000, 0x0000000797500000, 0x00000007c0000000)
  eden space 129024K, 0% used [0x000000078ab00000,0x000000078ab00000,0x0000000792900000)
  from space 15360K, 92% used [0x0000000792900000,0x00000007936f1928,0x0000000793800000)
  to   space 16896K, 0% used [0x0000000796480000,0x0000000796480000,0x0000000797500000)
 ParOldGen       total 79360K, used 10526K [0x0000000720000000, 0x0000000724d80000, 0x000000078ab00000)
  object space 79360K, 13% used [0x0000000720000000,0x0000000720a47bf0,0x0000000724d80000)
 Metaspace       used 34884K, capacity 35166K, committed 35496K, reserved 1081344K
  class space    used 4207K, capacity 4303K, committed 4400K, reserved 1048576K
Event: 11.659 GC heap after
Heap after GC invocations=11 (full 2):
 PSYoungGen      total 144384K, used 0K [0x000000078ab00000, 0x0000000797500000, 0x00000007c0000000)
  eden space 129024K, 0% used [0x000000078ab00000,0x000000078ab00000,0x0000000792900000)
  from space 15360K, 0% used [0x0000000792900000,0x0000000792900000,0x0000000793800000)
  to   space 16896K, 0% used [0x0000000796480000,0x0000000796480000,0x0000000797500000)
 ParOldGen       total 123904K, used 22543K [0x0000000720000000, 0x0000000727900000, 0x000000078ab00000)
  object space 123904K, 18% used [0x0000000720000000,0x0000000721603c30,0x0000000727900000)
 Metaspace       used 34880K, capacity 35160K, committed 35496K, reserved 1081344K
  class space    used 4206K, capacity 4302K, committed 4400K, reserved 1048576K
}
Event: 28.168 GC heap before
{Heap before GC invocations=12 (full 2):
 PSYoungGen      total 144384K, used 129024K [0x000000078ab00000, 0x0000000797500000, 0x00000007c0000000)
  eden space 129024K, 100% used [0x000000078ab00000,0x0000000792900000,0x0000000792900000)
  from space 15360K, 0% used [0x0000000792900000,0x0000000792900000,0x0000000793800000)
  to   space 16896K, 0% used [0x0000000796480000,0x0000000796480000,0x0000000797500000)
 ParOldGen       total 123904K, used 22543K [0x0000000720000000, 0x0000000727900000, 0x000000078ab00000)
  object space 123904K, 18% used [0x0000000720000000,0x0000000721603c30,0x0000000727900000)
 Metaspace       used 39145K, capacity 39558K, committed 40112K, reserved 1085440K
  class space    used 4827K, capacity 4958K, committed 5040K, reserved 1048576K
Event: 28.184 GC heap after
Heap after GC invocations=12 (full 2):
 PSYoungGen      total 168960K, used 8587K [0x000000078ab00000, 0x0000000796d00000, 0x00000007c0000000)
  eden space 160256K, 0% used [0x000000078ab00000,0x000000078ab00000,0x0000000794780000)
  from space 8704K, 98% used [0x0000000796480000,0x0000000796ce2e78,0x0000000796d00000)
  to   space 16384K, 0% used [0x0000000794d00000,0x0000000794d00000,0x0000000795d00000)
 ParOldGen       total 123904K, used 22551K [0x0000000720000000, 0x0000000727900000, 0x000000078ab00000)
  object space 123904K, 18% used [0x0000000720000000,0x0000000721605c30,0x0000000727900000)
 Metaspace       used 39145K, capacity 39558K, committed 40112K, reserved 1085440K
  class space    used 4827K, capacity 4958K, committed 5040K, reserved 1048576K
}

Deoptimization events (10 events):
Event: 81.268 Thread 0x00007fb90755a800 Uncommon trap: reason=unhandled action=none pc=0x000000010ecb4920 method=java.net.URLClassLoader$1.run()Ljava/lang/Class; @ 72
Event: 81.269 Thread 0x00007fb90755a800 Uncommon trap: reason=unhandled action=none pc=0x000000010ecb4920 method=java.net.URLClassLoader$1.run()Ljava/lang/Class; @ 72
Event: 81.269 Thread 0x00007fb90755a800 Uncommon trap: reason=unhandled action=none pc=0x000000010ecb4920 method=java.net.URLClassLoader$1.run()Ljava/lang/Class; @ 72
Event: 81.269 Thread 0x00007fb90755a800 Uncommon trap: reason=unhandled action=none pc=0x000000010ecb4920 method=java.net.URLClassLoader$1.run()Ljava/lang/Class; @ 72
Event: 81.273 Thread 0x00007fb90755a800 Uncommon trap: reason=unhandled action=none pc=0x000000010ecb4920 method=java.net.URLClassLoader$1.run()Ljava/lang/Class; @ 72
Event: 81.273 Thread 0x00007fb90755a800 Uncommon trap: reason=unhandled action=none pc=0x000000010ecb4920 method=java.net.URLClassLoader$1.run()Ljava/lang/Class; @ 72
Event: 81.276 Thread 0x00007fb9061b1800 Uncommon trap: reason=unhandled action=none pc=0x000000010ecb4920 method=java.net.URLClassLoader$1.run()Ljava/lang/Class; @ 72
Event: 81.292 Thread 0x00007fb9061b1800 Uncommon trap: reason=unhandled action=none pc=0x000000010ecb4920 method=java.net.URLClassLoader$1.run()Ljava/lang/Class; @ 72
Event: 81.352 Thread 0x00007fb9061b1800 Uncommon trap: reason=unhandled action=none pc=0x000000010ecb4920 method=java.net.URLClassLoader$1.run()Ljava/lang/Class; @ 72
Event: 81.353 Thread 0x00007fb9061b1800 Uncommon trap: reason=unhandled action=none pc=0x000000010ecb4920 method=java.net.URLClassLoader$1.run()Ljava/lang/Class; @ 72

Internal exceptions (10 events):
Event: 81.269 Thread 0x00007fb90755a800 Exception <a 'java/security/PrivilegedActionException'> (0x000000078bbf4d48) thrown at [/HUDSON3/workspace/8-2-build-macosx-x86_64/jdk8u20/1074/hotspot/src/share/vm/prims/jvm.cpp, line 1275]
Event: 81.269 Thread 0x00007fb90755a800 Exception <a 'java/security/PrivilegedActionException'> (0x000000078bbf5760) thrown at [/HUDSON3/workspace/8-2-build-macosx-x86_64/jdk8u20/1074/hotspot/src/share/vm/prims/jvm.cpp, line 1275]
Event: 81.269 Thread 0x00007fb90755a800 Exception <a 'java/security/PrivilegedActionException'> (0x000000078bbfc4f8) thrown at [/HUDSON3/workspace/8-2-build-macosx-x86_64/jdk8u20/1074/hotspot/src/share/vm/prims/jvm.cpp, line 1275]
Event: 81.273 Thread 0x00007fb90755a800 Exception <a 'java/security/PrivilegedActionException'> (0x000000078bc16f80) thrown at [/HUDSON3/workspace/8-2-build-macosx-x86_64/jdk8u20/1074/hotspot/src/share/vm/prims/jvm.cpp, line 1275]
Event: 81.273 Thread 0x00007fb90755a800 Exception <a 'java/security/PrivilegedActionException'> (0x000000078bc1f398) thrown at [/HUDSON3/workspace/8-2-build-macosx-x86_64/jdk8u20/1074/hotspot/src/share/vm/prims/jvm.cpp, line 1275]
Event: 81.276 Thread 0x00007fb9061b1800 Exception <a 'java/security/PrivilegedActionException'> (0x000000078bc730b8) thrown at [/HUDSON3/workspace/8-2-build-macosx-x86_64/jdk8u20/1074/hotspot/src/share/vm/prims/jvm.cpp, line 1275]
Event: 81.292 Thread 0x00007fb9061b1800 Exception <a 'java/security/PrivilegedActionException'> (0x000000078bc7f178) thrown at [/HUDSON3/workspace/8-2-build-macosx-x86_64/jdk8u20/1074/hotspot/src/share/vm/prims/jvm.cpp, line 1275]
Event: 81.353 Thread 0x00007fb9061b1800 Exception <a 'java/security/PrivilegedActionException'> (0x000000078bc865e0) thrown at [/HUDSON3/workspace/8-2-build-macosx-x86_64/jdk8u20/1074/hotspot/src/share/vm/prims/jvm.cpp, line 1275]
Event: 81.353 Thread 0x00007fb9061b1800 Exception <a 'java/security/PrivilegedActionException'> (0x000000078bc8cff8) thrown at [/HUDSON3/workspace/8-2-build-macosx-x86_64/jdk8u20/1074/hotspot/src/share/vm/prims/jvm.cpp, line 1275]
Event: 81.356 Thread 0x00007fb90480f000 Exception <a 'java/lang/InterruptedException': sleep interrupted> (0x000000078b6787e8) thrown at [/HUDSON3/workspace/8-2-build-macosx-x86_64/jdk8u20/1074/hotspot/src/share/vm/prims/jvm.cpp, line 3104]

Events (10 events):
Event: 81.357 Executing VM operation: RevokeBias
Event: 81.357 Executing VM operation: RevokeBias done
Event: 81.357 Executing VM operation: RevokeBias
Event: 81.357 Executing VM operation: RevokeBias done
Event: 81.357 Executing VM operation: RevokeBias
Event: 81.357 Executing VM operation: RevokeBias done
Event: 81.358 Executing VM operation: RevokeBias
Event: 81.358 Executing VM operation: RevokeBias done
Event: 81.460 Executing VM operation: RedefineClasses
Event: 81.511 Executing VM operation: RedefineClasses done


Dynamic libraries:
0x000000000543b000 	/System/Library/Frameworks/Cocoa.framework/Versions/A/Cocoa
0x000000000543b000 	/System/Library/Frameworks/Security.framework/Versions/A/Security
0x000000000543b000 	/System/Library/Frameworks/ApplicationServices.framework/Versions/A/ApplicationServices
0x000000000543b000 	/usr/lib/libz.1.dylib
0x000000000543b000 	/usr/lib/libSystem.B.dylib
0x000000000543b000 	/usr/lib/libobjc.A.dylib
0x000000000543b000 	/System/Library/Frameworks/CoreFoundation.framework/Versions/A/CoreFoundation
0x000000000543b000 	/System/Library/Frameworks/Foundation.framework/Versions/C/Foundation
0x000000000543b000 	/System/Library/Frameworks/AppKit.framework/Versions/C/AppKit
0x000000000543b000 	/System/Library/Frameworks/CoreData.framework/Versions/A/CoreData
0x000000000543b000 	/System/Library/PrivateFrameworks/RemoteViewServices.framework/Versions/A/RemoteViewServices
0x000000000543b000 	/System/Library/PrivateFrameworks/UIFoundation.framework/Versions/A/UIFoundation
0x000000000543b000 	/usr/lib/libScreenReader.dylib
0x000000000543b000 	/System/Library/Frameworks/Accelerate.framework/Versions/A/Accelerate
0x000000000543b000 	/System/Library/Frameworks/IOSurface.framework/Versions/A/IOSurface
0x000000000543b000 	/System/Library/Frameworks/AudioToolbox.framework/Versions/A/AudioToolbox
0x000000000543b000 	/System/Library/Frameworks/AudioUnit.framework/Versions/A/AudioUnit
0x000000000543b000 	/System/Library/PrivateFrameworks/DataDetectorsCore.framework/Versions/A/DataDetectorsCore
0x000000000543b000 	/System/Library/PrivateFrameworks/DesktopServicesPriv.framework/Versions/A/DesktopServicesPriv
0x000000000543b000 	/System/Library/Frameworks/Carbon.framework/Versions/A/Frameworks/HIToolbox.framework/Versions/A/HIToolbox
0x000000000543b000 	/System/Library/Frameworks/QuartzCore.framework/Versions/A/QuartzCore
0x000000000543b000 	/System/Library/Frameworks/Carbon.framework/Versions/A/Frameworks/SpeechRecognition.framework/Versions/A/SpeechRecognition
0x000000000543b000 	/usr/lib/libauto.dylib
0x000000000543b000 	/usr/lib/libicucore.A.dylib
0x000000000543b000 	/usr/lib/libxml2.2.dylib
0x000000000543b000 	/System/Library/PrivateFrameworks/CoreUI.framework/Versions/A/CoreUI
0x000000000543b000 	/System/Library/Frameworks/CoreAudio.framework/Versions/A/CoreAudio
0x000000000543b000 	/System/Library/Frameworks/DiskArbitration.framework/Versions/A/DiskArbitration
0x000000000543b000 	/usr/lib/liblangid.dylib
0x000000000543b000 	/System/Library/PrivateFrameworks/MultitouchSupport.framework/Versions/A/MultitouchSupport
0x000000000543b000 	/System/Library/Frameworks/IOKit.framework/Versions/A/IOKit
0x000000000543b000 	/usr/lib/libDiagnosticMessagesClient.dylib
0x000000000543b000 	/System/Library/Frameworks/CoreServices.framework/Versions/A/CoreServices
0x000000000543b000 	/System/Library/PrivateFrameworks/PerformanceAnalysis.framework/Versions/A/PerformanceAnalysis
0x000000000543b000 	/System/Library/PrivateFrameworks/GenerationalStorage.framework/Versions/A/GenerationalStorage
0x000000000543b000 	/System/Library/Frameworks/OpenGL.framework/Versions/A/OpenGL
0x000000000543b000 	/System/Library/PrivateFrameworks/Sharing.framework/Versions/A/Sharing
0x000000000543b000 	/System/Library/Frameworks/CoreGraphics.framework/Versions/A/CoreGraphics
0x000000000543b000 	/System/Library/Frameworks/CoreImage.framework/Versions/A/CoreImage
0x000000000543b000 	/System/Library/Frameworks/CoreText.framework/Versions/A/CoreText
0x000000000543b000 	/System/Library/Frameworks/ImageIO.framework/Versions/A/ImageIO
0x000000000543b000 	/System/Library/PrivateFrameworks/Backup.framework/Versions/A/Backup
0x000000000543b000 	/usr/lib/libextension.dylib
0x000000000543b000 	/usr/lib/libarchive.2.dylib
0x000000000543b000 	/System/Library/Frameworks/CFNetwork.framework/Versions/A/CFNetwork
0x000000000543b000 	/System/Library/Frameworks/SystemConfiguration.framework/Versions/A/SystemConfiguration
0x000000000543b000 	/usr/lib/libCRFSuite.dylib
0x000000000543b000 	/usr/lib/libc++.1.dylib
0x000000000543b000 	/usr/lib/libc++abi.dylib
0x000000000543b000 	/usr/lib/system/libcache.dylib
0x000000000543b000 	/usr/lib/system/libcommonCrypto.dylib
0x000000000543b000 	/usr/lib/system/libcompiler_rt.dylib
0x000000000543b000 	/usr/lib/system/libcopyfile.dylib
0x000000000543b000 	/usr/lib/system/libcorecrypto.dylib
0x000000000543b000 	/usr/lib/system/libdispatch.dylib
0x000000000543b000 	/usr/lib/system/libdyld.dylib
0x000000000543b000 	/usr/lib/system/libkeymgr.dylib
0x000000000543b000 	/usr/lib/system/liblaunch.dylib
0x000000000543b000 	/usr/lib/system/libmacho.dylib
0x000000000543b000 	/usr/lib/system/libquarantine.dylib
0x000000000543b000 	/usr/lib/system/libremovefile.dylib
0x000000000543b000 	/usr/lib/system/libsystem_asl.dylib
0x000000000543b000 	/usr/lib/system/libsystem_blocks.dylib
0x000000000543b000 	/usr/lib/system/libsystem_c.dylib
0x000000000543b000 	/usr/lib/system/libsystem_configuration.dylib
0x000000000543b000 	/usr/lib/system/libsystem_coreservices.dylib
0x000000000543b000 	/usr/lib/system/libsystem_coretls.dylib
0x000000000543b000 	/usr/lib/system/libsystem_dnssd.dylib
0x000000000543b000 	/usr/lib/system/libsystem_info.dylib
0x000000000543b000 	/usr/lib/system/libsystem_kernel.dylib
0x000000000543b000 	/usr/lib/system/libsystem_m.dylib
0x000000000543b000 	/usr/lib/system/libsystem_malloc.dylib
0x000000000543b000 	/usr/lib/system/libsystem_network.dylib
0x000000000543b000 	/usr/lib/system/libsystem_networkextension.dylib
0x000000000543b000 	/usr/lib/system/libsystem_notify.dylib
0x000000000543b000 	/usr/lib/system/libsystem_platform.dylib
0x000000000543b000 	/usr/lib/system/libsystem_pthread.dylib
0x000000000543b000 	/usr/lib/system/libsystem_sandbox.dylib
0x000000000543b000 	/usr/lib/system/libsystem_secinit.dylib
0x000000000543b000 	/usr/lib/system/libsystem_trace.dylib
0x000000000543b000 	/usr/lib/system/libunc.dylib
0x000000000543b000 	/usr/lib/system/libunwind.dylib
0x000000000543b000 	/usr/lib/system/libxpc.dylib
0x000000000543b000 	/usr/lib/libenergytrace.dylib
0x000000000543b000 	/usr/lib/libbsm.0.dylib
0x000000000543b000 	/usr/lib/system/libkxld.dylib
0x000000000543b000 	/usr/lib/libxar.1.dylib
0x000000000543b000 	/usr/lib/libsqlite3.dylib
0x000000000543b000 	/usr/lib/libpam.2.dylib
0x000000000543b000 	/usr/lib/libOpenScriptingUtil.dylib
0x000000000543b000 	/usr/lib/libbz2.1.0.dylib
0x000000000543b000 	/usr/lib/liblzma.5.dylib
0x000000000543b000 	/System/Library/Frameworks/CoreServices.framework/Versions/A/Frameworks/FSEvents.framework/Versions/A/FSEvents
0x000000000543b000 	/System/Library/Frameworks/CoreServices.framework/Versions/A/Frameworks/CarbonCore.framework/Versions/A/CarbonCore
0x000000000543b000 	/System/Library/Frameworks/CoreServices.framework/Versions/A/Frameworks/Metadata.framework/Versions/A/Metadata
0x000000000543b000 	/System/Library/Frameworks/CoreServices.framework/Versions/A/Frameworks/OSServices.framework/Versions/A/OSServices
0x000000000543b000 	/System/Library/Frameworks/CoreServices.framework/Versions/A/Frameworks/SearchKit.framework/Versions/A/SearchKit
0x000000000543b000 	/System/Library/Frameworks/CoreServices.framework/Versions/A/Frameworks/AE.framework/Versions/A/AE
0x000000000543b000 	/System/Library/Frameworks/CoreServices.framework/Versions/A/Frameworks/LaunchServices.framework/Versions/A/LaunchServices
0x000000000543b000 	/System/Library/Frameworks/CoreServices.framework/Versions/A/Frameworks/DictionaryServices.framework/Versions/A/DictionaryServices
0x000000000543b000 	/System/Library/Frameworks/CoreServices.framework/Versions/A/Frameworks/SharedFileList.framework/Versions/A/SharedFileList
0x000000000543b000 	/System/Library/Frameworks/NetFS.framework/Versions/A/NetFS
0x000000000543b000 	/System/Library/PrivateFrameworks/NetAuth.framework/Versions/A/NetAuth
0x000000000543b000 	/System/Library/PrivateFrameworks/login.framework/Versions/A/Frameworks/loginsupport.framework/Versions/A/loginsupport
0x000000000543b000 	/System/Library/PrivateFrameworks/TCC.framework/Versions/A/TCC
0x000000000543b000 	/usr/lib/libmecabra.dylib
0x000000000543b000 	/System/Library/Frameworks/ApplicationServices.framework/Versions/A/Frameworks/ATS.framework/Versions/A/ATS
0x000000000543b000 	/System/Library/Frameworks/ApplicationServices.framework/Versions/A/Frameworks/ColorSync.framework/Versions/A/ColorSync
0x000000000543b000 	/System/Library/Frameworks/ApplicationServices.framework/Versions/A/Frameworks/HIServices.framework/Versions/A/HIServices
0x000000000543b000 	/System/Library/Frameworks/ApplicationServices.framework/Versions/A/Frameworks/LangAnalysis.framework/Versions/A/LangAnalysis
0x000000000543b000 	/System/Library/Frameworks/ApplicationServices.framework/Versions/A/Frameworks/PrintCore.framework/Versions/A/PrintCore
0x000000000543b000 	/System/Library/Frameworks/ApplicationServices.framework/Versions/A/Frameworks/QD.framework/Versions/A/QD
0x000000000543b000 	/System/Library/Frameworks/ApplicationServices.framework/Versions/A/Frameworks/SpeechSynthesis.framework/Versions/A/SpeechSynthesis
0x000000000543b000 	/System/Library/Frameworks/Metal.framework/Versions/A/Metal
0x000000000543b000 	/System/Library/Frameworks/Accelerate.framework/Versions/A/Frameworks/vImage.framework/Versions/A/vImage
0x000000000543b000 	/System/Library/Frameworks/Accelerate.framework/Versions/A/Frameworks/vecLib.framework/Versions/A/vecLib
0x000000000543b000 	/System/Library/Frameworks/Accelerate.framework/Versions/A/Frameworks/vecLib.framework/Versions/A/libvDSP.dylib
0x000000000543b000 	/System/Library/Frameworks/Accelerate.framework/Versions/A/Frameworks/vecLib.framework/Versions/A/libvMisc.dylib
0x000000000543b000 	/System/Library/Frameworks/Accelerate.framework/Versions/A/Frameworks/vecLib.framework/Versions/A/libLAPACK.dylib
0x000000000543b000 	/System/Library/Frameworks/Accelerate.framework/Versions/A/Frameworks/vecLib.framework/Versions/A/libBLAS.dylib
0x000000000543b000 	/System/Library/Frameworks/Accelerate.framework/Versions/A/Frameworks/vecLib.framework/Versions/A/libLinearAlgebra.dylib
0x000000000543b000 	/System/Library/Frameworks/Accelerate.framework/Versions/A/Frameworks/vecLib.framework/Versions/A/libSparseBLAS.dylib
0x000000000543b000 	/System/Library/PrivateFrameworks/GPUCompiler.framework/libmetal_timestamp.dylib
0x000000000543b000 	/System/Library/Frameworks/OpenGL.framework/Versions/A/Libraries/libCoreFSCache.dylib
0x000000000543b000 	/System/Library/PrivateFrameworks/IOAccelerator.framework/Versions/A/IOAccelerator
0x000000000543b000 	/System/Library/Frameworks/ApplicationServices.framework/Versions/A/Frameworks/ATS.framework/Versions/A/Resources/libFontParser.dylib
0x000000000543b000 	/System/Library/Frameworks/ApplicationServices.framework/Versions/A/Frameworks/ATS.framework/Versions/A/Resources/libFontRegistry.dylib
0x000000000543b000 	/System/Library/PrivateFrameworks/AppleVPA.framework/Versions/A/AppleVPA
0x000000000543b000 	/System/Library/PrivateFrameworks/AppleJPEG.framework/Versions/A/AppleJPEG
0x000000000543b000 	/System/Library/Frameworks/ImageIO.framework/Versions/A/Resources/libJPEG.dylib
0x000000000543b000 	/System/Library/Frameworks/ImageIO.framework/Versions/A/Resources/libTIFF.dylib
0x000000000543b000 	/System/Library/Frameworks/ImageIO.framework/Versions/A/Resources/libPng.dylib
0x000000000543b000 	/System/Library/Frameworks/ImageIO.framework/Versions/A/Resources/libGIF.dylib
0x000000000543b000 	/System/Library/Frameworks/ImageIO.framework/Versions/A/Resources/libJP2.dylib
0x000000000543b000 	/System/Library/Frameworks/ImageIO.framework/Versions/A/Resources/libRadiance.dylib
0x000000000543b000 	/System/Library/Frameworks/CoreVideo.framework/Versions/A/CoreVideo
0x000000000543b000 	/System/Library/Frameworks/OpenGL.framework/Versions/A/Libraries/libGLU.dylib
0x000000000543b000 	/System/Library/Frameworks/OpenGL.framework/Versions/A/Libraries/libGFXShared.dylib
0x000000000543b000 	/System/Library/Frameworks/OpenGL.framework/Versions/A/Libraries/libGL.dylib
0x000000000543b000 	/System/Library/Frameworks/OpenGL.framework/Versions/A/Libraries/libGLImage.dylib
0x000000000543b000 	/System/Library/Frameworks/OpenGL.framework/Versions/A/Libraries/libCVMSPluginSupport.dylib
0x000000000543b000 	/System/Library/Frameworks/OpenGL.framework/Versions/A/Libraries/libCoreVMClient.dylib
0x000000000543b000 	/usr/lib/libcompression.dylib
0x000000000543b000 	/usr/lib/libcups.2.dylib
0x000000000543b000 	/System/Library/Frameworks/Kerberos.framework/Versions/A/Kerberos
0x000000000543b000 	/System/Library/Frameworks/GSS.framework/Versions/A/GSS
0x000000000543b000 	/usr/lib/libresolv.9.dylib
0x000000000543b000 	/usr/lib/libiconv.2.dylib
0x000000000543b000 	/System/Library/PrivateFrameworks/Heimdal.framework/Versions/A/Heimdal
0x000000000543b000 	/usr/lib/libheimdal-asn1.dylib
0x000000000543b000 	/System/Library/Frameworks/OpenDirectory.framework/Versions/A/OpenDirectory
0x000000000543b000 	/System/Library/PrivateFrameworks/CommonAuth.framework/Versions/A/CommonAuth
0x000000000543b000 	/System/Library/Frameworks/OpenDirectory.framework/Versions/A/Frameworks/CFOpenDirectory.framework/Versions/A/CFOpenDirectory
0x000000000543b000 	/System/Library/Frameworks/SecurityFoundation.framework/Versions/A/SecurityFoundation
0x000000000543b000 	/System/Library/PrivateFrameworks/LanguageModeling.framework/Versions/A/LanguageModeling
0x000000000543b000 	/usr/lib/libmarisa.dylib
0x000000000543b000 	/usr/lib/libChineseTokenizer.dylib
0x000000000543b000 	/usr/lib/libcmph.dylib
0x000000000543b000 	/System/Library/Frameworks/ServiceManagement.framework/Versions/A/ServiceManagement
0x000000000543b000 	/usr/lib/libxslt.1.dylib
0x000000000543b000 	/System/Library/Frameworks/Carbon.framework/Versions/A/Frameworks/Ink.framework/Versions/A/Ink
0x000000000543b000 	/usr/lib/libFosl_dynamic.dylib
0x000000000543b000 	/System/Library/PrivateFrameworks/FaceCore.framework/Versions/A/FaceCore
0x000000000543b000 	/System/Library/Frameworks/OpenCL.framework/Versions/A/OpenCL
0x000000000543b000 	/System/Library/PrivateFrameworks/CrashReporterSupport.framework/Versions/A/CrashReporterSupport
0x000000000543b000 	/System/Library/PrivateFrameworks/IconServices.framework/Versions/A/IconServices
0x000000000543b000 	/System/Library/PrivateFrameworks/Apple80211.framework/Versions/A/Apple80211
0x000000000543b000 	/System/Library/Frameworks/CoreWLAN.framework/Versions/A/CoreWLAN
0x000000000543b000 	/System/Library/Frameworks/IOBluetooth.framework/Versions/A/IOBluetooth
0x000000000543b000 	/System/Library/PrivateFrameworks/CoreWiFi.framework/Versions/A/CoreWiFi
0x000000000543b000 	/System/Library/Frameworks/CoreBluetooth.framework/Versions/A/CoreBluetooth
0x000000000543b000 	/System/Library/PrivateFrameworks/ChunkingLibrary.framework/Versions/A/ChunkingLibrary
0x000000000543b000 	/System/Library/PrivateFrameworks/DebugSymbols.framework/Versions/A/DebugSymbols
0x000000000543b000 	/System/Library/PrivateFrameworks/CoreSymbolication.framework/Versions/A/CoreSymbolication
0x000000000543b000 	/System/Library/PrivateFrameworks/Symbolication.framework/Versions/A/Symbolication
0x000000000543b000 	/System/Library/PrivateFrameworks/SpeechRecognitionCore.framework/Versions/A/SpeechRecognitionCore
0x000000010cc1e000 	/Library/Java/JavaVirtualMachines/jdk1.8.0_20.jdk/Contents/Home/jre/lib/server/libjvm.dylib
0x000000000543b000 	/usr/lib/libstdc++.6.dylib
0x000000010db3d000 	/Library/Java/JavaVirtualMachines/jdk1.8.0_20.jdk/Contents/Home/jre/lib/libverify.dylib
0x000000010db4b000 	/Library/Java/JavaVirtualMachines/jdk1.8.0_20.jdk/Contents/Home/jre/lib/libjava.dylib
0x000000010db80000 	/Library/Java/JavaVirtualMachines/jdk1.8.0_20.jdk/Contents/Home/jre/lib/libjdwp.dylib
0x000000010dbcb000 	/Library/Java/JavaVirtualMachines/jdk1.8.0_20.jdk/Contents/Home/jre/lib/libnpt.dylib
0x000000010dbd8000 	/Library/Java/JavaVirtualMachines/jdk1.8.0_20.jdk/Contents/Home/jre/lib/libzip.dylib
0x000000010dbe2000 	/System/Library/Frameworks/JavaVM.framework/Frameworks/JavaRuntimeSupport.framework/JavaRuntimeSupport
0x0000000125014000 	/System/Library/Frameworks/JavaVM.framework/Versions/A/Frameworks/JavaNativeFoundation.framework/Versions/A/JavaNativeFoundation
0x0000000125029000 	/System/Library/Frameworks/JavaVM.framework/Versions/A/JavaVM
0x000000000543b000 	/System/Library/Frameworks/Carbon.framework/Versions/A/Carbon
0x0000000125036000 	/System/Library/PrivateFrameworks/JavaLaunching.framework/Versions/A/JavaLaunching
0x000000000543b000 	/System/Library/Frameworks/Carbon.framework/Versions/A/Frameworks/CommonPanels.framework/Versions/A/CommonPanels
0x000000000543b000 	/System/Library/Frameworks/Carbon.framework/Versions/A/Frameworks/Help.framework/Versions/A/Help
0x000000000543b000 	/System/Library/Frameworks/Carbon.framework/Versions/A/Frameworks/ImageCapture.framework/Versions/A/ImageCapture
0x000000000543b000 	/System/Library/Frameworks/Carbon.framework/Versions/A/Frameworks/OpenScripting.framework/Versions/A/OpenScripting
0x000000000543b000 	/System/Library/Frameworks/Carbon.framework/Versions/A/Frameworks/Print.framework/Versions/A/Print
0x000000000543b000 	/System/Library/Frameworks/Carbon.framework/Versions/A/Frameworks/SecurityHI.framework/Versions/A/SecurityHI
0x0000000126956000 	/Library/Java/JavaVirtualMachines/jdk1.8.0_20.jdk/Contents/Home/jre/lib/libdt_socket.dylib
0x000000012695d000 	/Library/Java/JavaVirtualMachines/jdk1.8.0_20.jdk/Contents/Home/jre/lib/libmanagement.dylib
0x000000012696a000 	/Library/Java/JavaVirtualMachines/jdk1.8.0_20.jdk/Contents/Home/jre/lib/libnet.dylib
0x00000001269c9000 	/Library/Java/JavaVirtualMachines/jdk1.8.0_20.jdk/Contents/Home/jre/lib/libnio.dylib

VM Arguments:
jvm_args: -agentlib:jdwp=transport=dt_socket,suspend=y,address=localhost:50054 -Dcom.sun.management.jmxremote -Dcom.sun.management.jmxremote.port=50053 -Dcom.sun.management.jmxremote.authenticate=false -Dcom.sun.management.jmxremote.ssl=false -Dspring.liveBeansView.mbeanDomain -Dspring.application.admin.enabled=true -Djava.security.egd=file:/dev/./urandom -Dfile.encoding=UTF-8 
java_command: com.sapan.RedisDemoApplication --spring.output.ansi.enabled=always
java_class_path (initial): /Users/kashishgarg/redis/redis-demo/target/classes:/Users/kashishgarg/.m2/repository/org/springframework/boot/spring-boot-starter-cache/1.4.0.RELEASE/spring-boot-starter-cache-1.4.0.RELEASE.jar:/Users/kashishgarg/.m2/repository/org/springframework/boot/spring-boot-starter/1.4.0.RELEASE/spring-boot-starter-1.4.0.RELEASE.jar:/Users/kashishgarg/.m2/repository/org/springframework/boot/spring-boot-starter-logging/1.4.0.RELEASE/spring-boot-starter-logging-1.4.0.RELEASE.jar:/Users/kashishgarg/.m2/repository/ch/qos/logback/logback-classic/1.1.7/logback-classic-1.1.7.jar:/Users/kashishgarg/.m2/repository/ch/qos/logback/logback-core/1.1.7/logback-core-1.1.7.jar:/Users/kashishgarg/.m2/repository/org/slf4j/jul-to-slf4j/1.7.21/jul-to-slf4j-1.7.21.jar:/Users/kashishgarg/.m2/repository/org/slf4j/log4j-over-slf4j/1.7.21/log4j-over-slf4j-1.7.21.jar:/Users/kashishgarg/.m2/repository/org/yaml/snakeyaml/1.17/snakeyaml-1.17.jar:/Users/kashishgarg/.m2/repository/org/springframework/spring-context/4.3.2.RELEASE/spring-context-4.3.2.RELEASE.jar:/Users/kashishgarg/.m2/repository/org/springframework/spring-beans/4.3.2.RELEASE/spring-beans-4.3.2.RELEASE.jar:/Users/kashishgarg/.m2/repository/org/springframework/spring-expression/4.3.2.RELEASE/spring-expression-4.3.2.RELEASE.jar:/Users/kashishgarg/.m2/repository/org/springframework/spring-context-support/4.3.2.RELEASE/spring-context-support-4.3.2.RELEASE.jar:/Users/kashishgarg/.m2/repository/org/springframework/boot/spring-boot-starter-cloud-connectors/1.4.0.RELEASE/spring-boot-starter-cloud-connectors-1.4.0.RELEASE.jar:/Users/kashishgarg/.m2/repository/org/springframework/cloud/spring-cloud-spring-service-connector/1.2.3.RELEASE/spring-cloud-spring-service-connector-1.2.3.RELEASE.jar:/Users/kashishgarg/.m2/repository/org/springframework/cloud/spring-cloud-core/1.2.3.RELEASE/spring-cloud-core-1.2.3.RELEASE.jar:/Users/kashishgarg/.m2/repository/org/springframework/cloud/spring-cloud-cloudfoundry-connector/1.2.3.RELEA
Launcher Type: SUN_STANDARD

Environment Variables:
PATH=/usr/bin:/bin:/usr/sbin:/sbin
SHELL=/bin/bash

Signal Handlers:
SIGSEGV: [libjvm.dylib+0x578fd7], sa_mask[0]=11111111011111110111111111111111, sa_flags=SA_ONSTACK|SA_RESTART|SA_SIGINFO
SIGBUS: [libjvm.dylib+0x578fd7], sa_mask[0]=11111111011111110111111111111111, sa_flags=SA_RESTART|SA_SIGINFO
SIGFPE: [libjvm.dylib+0x45ab0c], sa_mask[0]=11111111011111110111111111111111, sa_flags=SA_RESTART|SA_SIGINFO
SIGPIPE: [libjvm.dylib+0x45ab0c], sa_mask[0]=11111111011111110111111111111111, sa_flags=SA_RESTART|SA_SIGINFO
SIGXFSZ: [libjvm.dylib+0x45ab0c], sa_mask[0]=11111111011111110111111111111111, sa_flags=SA_RESTART|SA_SIGINFO
SIGILL: [libjvm.dylib+0x45ab0c], sa_mask[0]=11111111011111110111111111111111, sa_flags=SA_RESTART|SA_SIGINFO
SIGUSR1: SIG_DFL, sa_mask[0]=00000000000000000000000000000000, sa_flags=none
SIGUSR2: [libjvm.dylib+0x45a62a], sa_mask[0]=00100000000000000000000000000000, sa_flags=SA_RESTART|SA_SIGINFO
SIGHUP: [libjvm.dylib+0x458bfd], sa_mask[0]=11111111011111110111111111111111, sa_flags=SA_RESTART|SA_SIGINFO
SIGINT: [libjvm.dylib+0x458bfd], sa_mask[0]=11111111011111110111111111111111, sa_flags=SA_RESTART|SA_SIGINFO
SIGTERM: [libjvm.dylib+0x458bfd], sa_mask[0]=11111111011111110111111111111111, sa_flags=SA_RESTART|SA_SIGINFO
SIGQUIT: [libjvm.dylib+0x458bfd], sa_mask[0]=11111111011111110111111111111111, sa_flags=SA_RESTART|SA_SIGINFO


---------------  S Y S T E M  ---------------

OS:Bsduname:Darwin 15.5.0 Darwin Kernel Version 15.5.0: Tue Apr 19 18:36:36 PDT 2016; root:xnu-3248.50.21~8/RELEASE_X86_64 x86_64
rlimit: STACK 8192k, CORE 0k, NPROC 709, NOFILE 10240, AS infinity
load average:1.90 2.37 2.94

CPU:total 4 (2 cores per cpu, 2 threads per core) family 6 model 42 stepping 7, cmov, cx8, fxsr, mmx, sse, sse2, sse3, ssse3, sse4.1, sse4.2, popcnt, avx, aes, clmul, ht, tsc, tscinvbit

Memory: 4k page, physical 10485760k(3612012k free)

/proc/meminfo:


vm_info: Java HotSpot(TM) 64-Bit Server VM (25.20-b23) for bsd-amd64 JRE (1.8.0_20-b26), built on Jul 30 2014 13:37:47 by "java_re" with gcc 4.2.1 (Based on Apple Inc. build 5658) (LLVM build 2336.9.00)

time: Wed Aug  3 10:31:28 2016
elapsed time: 81 seconds (0d 0h 1m 21s)

