#
# A fatal error has been detected by the Java Runtime Environment:
#
#  SIGSEGV (0xb) at pc=0x0000000101022d8c, pid=2888, tid=17411
#
# JRE version: Java(TM) SE Runtime Environment (8.0_20-b26) (build 1.8.0_20-b26)
# Java VM: Java HotSpot(TM) 64-Bit Server VM (25.20-b23 mixed mode bsd-amd64 compressed oops)
# Problematic frame:
# V  [libjvm.dylib+0x422d8c]
#
# Failed to write core dump. Core dumps have been disabled. To enable core dumping, try "ulimit -c unlimited" before starting Java again
#
# If you would like to submit a bug report, please visit:
#   http://bugreport.sun.com/bugreport/crash.jsp
#

---------------  T H R E A D  ---------------

Current thread (0x00007f82ac82e800):  JavaThread "JDWP Transport Listener: dt_socket" daemon [_thread_in_vm, id=17411, stack(0x0000700000b3b000,0x0000700000c3b000)]

siginfo: si_signo: 11 (SIGSEGV), si_code: 0 (unknown), si_addr: 0x0000000000000000

Registers:
RAX=0x0000000000000001, RBX=0x0000700000c3aa8b, RCX=0x00000001013d5c80, RDX=0x0000700000c3aa8b
RSP=0x0000700000c3a9d0, RBP=0x0000700000c3a9e0, RSI=0x00007f82ac82e800, RDI=0xc00007f82adbb5e4
R8 =0x0000000000000000, R9 =0x00007f82adbb5b80, R10=0x00000000457e97b2, R11=0x00007f82adb00000
R12=0x00007f82ac82e800, R13=0xc00007f82adbb5e4, R14=0xc00007f82adbb5e4, R15=0x00007f82ab6004f0
RIP=0x0000000101022d8c, EFLAGS=0x0000000000010286, ERR=0x0000000000000000
  TRAPNO=0x000000000000000d

Top of Stack: (sp=0x0000700000c3a9d0)
0x0000700000c3a9d0:   0000700000c3aa8b 0000700000c3aa8b
0x0000700000c3a9e0:   0000700000c3aa40 0000000100f34ec2
0x0000700000c3a9f0:   00007f82ac82e800 0000000000000000
0x0000700000c3aa00:   0000000000000000 0000000000000000
0x0000700000c3aa10:   00007f82ac82e800 00007f82ac82e800
0x0000700000c3aa20:   0000700000c3aa8b 0000700000c3aa90
0x0000700000c3aa30:   c00007f82adbb5e4 0000000000000001
0x0000700000c3aa40:   0000700000c3aa60 00000001003997dc
0x0000700000c3aa50:   0000000000000001 0000700000c3ab08
0x0000700000c3aa60:   0000700000c3aad0 000000010037e263
0x0000700000c3aa70:   0000700000c3aaa0 00007f82adbb88e0
0x0000700000c3aa80:   0000000200000032 0000000100c3ab08
0x0000700000c3aa90:   0000000000000000 0000000000000000
0x0000700000c3aaa0:   0000000000000000 0000700000c3ac90
0x0000700000c3aab0:   00000001003a0eca 00007f82adb37ca0
0x0000700000c3aac0:   0000700000c3ab08 00000001003ac588
0x0000700000c3aad0:   0000700000c3aae0 000000010037e35c
0x0000700000c3aae0:   0000700000c3ad00 00000001003878f6
0x0000700000c3aaf0:   000004eb00000013 00000000000f0200
0x0000700000c3ab00:   00007f82adb18a40 0000700000c3ab7d
0x0000700000c3ab10:   00007f8200000107 0000700000c3ab20
0x0000700000c3ab20:   0000000000000025 0000700000c3ab58
0x0000700000c3ab30:   0000000000000000 0000000000000000
0x0000700000c3ab40:   000004eb00000029 00007fff00004c80
0x0000700000c3ab50:   0000700000c3ab58 827f000002000000
0x0000700000c3ab60:   06000000e086b7ad 00003e74696e693c
0x0000700000c3ab70:   0000005629280300 0a00000100000000
0x0000700000c3ab80:   000000001e000000 1f00000015000000
0x0000700000c3ab90:   1f00000000000000 0000000020000000
0x0000700000c3aba0:   210000002a000000 3500000000000000
0x0000700000c3abb0:   000000001e000000 2200000036000000
0x0000700000c3abc0:   3d00000000000000 61642f6e23000000 

Instructions: (pc=0x0000000101022d8c)
0x0000000101022d6c:   40 48 48 85 c0 75 e0 30 c0 0f b6 c0 5d c3 31 c0
0x0000000101022d7c:   5d c3 55 48 89 e5 53 48 83 ec 08 48 85 ff 74 24
0x0000000101022d8c:   48 8b 1f 48 85 db 74 1c 48 83 fb 37 74 16 48 8b
0x0000000101022d9c:   03 48 89 df ff 50 10 84 c0 b8 00 00 00 00 48 0f 

Register to memory mapping:

RAX=0x0000000000000001 is an unknown value
RBX=0x0000700000c3aa8b is pointing into the stack for thread: 0x00007f82ac82e800
RCX=0x00000001013d5c80: UseMembar+0 in /Library/Java/JavaVirtualMachines/jdk1.8.0_20.jdk/Contents/Home/jre/lib/server/libjvm.dylib at 0x0000000100c00000
RDX=0x0000700000c3aa8b is pointing into the stack for thread: 0x00007f82ac82e800
RSP=0x0000700000c3a9d0 is pointing into the stack for thread: 0x00007f82ac82e800
RBP=0x0000700000c3a9e0 is pointing into the stack for thread: 0x00007f82ac82e800
RSI=0x00007f82ac82e800 is a thread
RDI=0xc00007f82adbb5e4 is an unknown value
R8 =0x0000000000000000 is an unknown value
R9 =0x00007f82adbb5b80 is an unknown value
R10=0x00000000457e97b2 is an unknown value
R11=0x00007f82adb00000 is an unknown value
R12=0x00007f82ac82e800 is a thread
R13=0xc00007f82adbb5e4 is an unknown value
R14=0xc00007f82adbb5e4 is an unknown value
R15=0x00007f82ab6004f0 is an unknown value


Stack: [0x0000700000b3b000,0x0000700000c3b000],  sp=0x0000700000c3a9d0,  free space=1022k
Native frames: (J=compiled Java code, j=interpreted, Vv=VM code, C=native code)
V  [libjvm.dylib+0x422d8c]
V  [libjvm.dylib+0x334ec2]
C  [libjdwp.dylib+0x207dc]  isMethodSynthetic+0x63
C  [libjdwp.dylib+0x5263]  methods1+0x10b
C  [libjdwp.dylib+0x535c]  methodsWithGeneric+0xe
C  [libjdwp.dylib+0xe8f6]  debugLoop_run+0x1ce
C  [libjdwp.dylib+0x1f716]  attachThread+0x4d
V  [libjvm.dylib+0x375f22]
V  [libjvm.dylib+0x535a51]
V  [libjvm.dylib+0x537194]
V  [libjvm.dylib+0x45d35a]
C  [libsystem_pthread.dylib+0x399d]  _pthread_body+0x83
C  [libsystem_pthread.dylib+0x391a]  _pthread_body+0x0
C  [libsystem_pthread.dylib+0x1351]  thread_start+0xd
C  0x0000000000000000


---------------  P R O C E S S  ---------------

Java Threads: ( => current thread )
  0x00007f82af411000 JavaThread "http-nio-8080-AsyncTimeout" daemon [_thread_blocked, id=26119, stack(0x0000700002280000,0x0000700002380000)]
  0x00007f82afd3a000 JavaThread "http-nio-8080-Acceptor-0" daemon [_thread_in_native, id=27147, stack(0x000070000217d000,0x000070000227d000)]
  0x00007f82ac9cb000 JavaThread "http-nio-8080-ClientPoller-1" daemon [_thread_in_native, id=28167, stack(0x000070000207a000,0x000070000217a000)]
  0x00007f82ad000800 JavaThread "http-nio-8080-ClientPoller-0" daemon [_thread_in_native, id=25103, stack(0x0000700001f77000,0x0000700002077000)]
  0x00007f82ad0b3800 JavaThread "NioBlockingSelector.BlockPoller-2" daemon [_thread_in_native, id=24079, stack(0x0000700001e74000,0x0000700001f74000)]
  0x00007f82aca34000 JavaThread "File Watcher" daemon [_thread_blocked, id=25611, stack(0x0000700001d71000,0x0000700001e71000)]
  0x00007f82ae60d800 JavaThread "commons-pool-EvictionTimer" daemon [_thread_blocked, id=13583, stack(0x0000700001b6b000,0x0000700001c6b000)]
  0x00007f82af34e000 JavaThread "container-0" [_thread_blocked, id=26631, stack(0x0000700001a68000,0x0000700001b68000)]
  0x00007f82ae85b800 JavaThread "ContainerBackgroundProcessor[StandardEngine[Tomcat].StandardHost[localhost].StandardContext[]]" daemon [_thread_blocked, id=5135, stack(0x0000700001862000,0x0000700001962000)]
  0x00007f82ae108000 JavaThread "DestroyJavaVM" [_thread_blocked, id=5891, stack(0x000070000011a000,0x000070000021a000)]
  0x00007f82aec89000 JavaThread "Live Reload Server" daemon [_thread_in_native, id=13839, stack(0x0000700001c6e000,0x0000700001d6e000)]
  0x00007f82ac84d000 JavaThread "RMI TCP Accept-0" daemon [_thread_in_native, id=23055, stack(0x0000700001456000,0x0000700001556000)]
  0x00007f82ad0a7800 JavaThread "RMI TCP Accept-50065" daemon [_thread_in_native, id=21507, stack(0x0000700001353000,0x0000700001453000)]
  0x00007f82ac142800 JavaThread "RMI TCP Accept-0" daemon [_thread_in_native, id=20995, stack(0x0000700001250000,0x0000700001350000)]
  0x00007f82ac833800 JavaThread "Service Thread" daemon [_thread_blocked, id=20483, stack(0x000070000114d000,0x000070000124d000)]
  0x00007f82ac833000 JavaThread "C1 CompilerThread2" daemon [_thread_blocked, id=19971, stack(0x000070000104a000,0x000070000114a000)]
  0x00007f82ac832000 JavaThread "C2 CompilerThread1" daemon [_thread_blocked, id=19459, stack(0x0000700000f47000,0x0000700001047000)]
  0x00007f82ab839000 JavaThread "C2 CompilerThread0" daemon [_thread_blocked, id=18947, stack(0x0000700000e44000,0x0000700000f44000)]
  0x00007f82ac830800 JavaThread "JDWP Command Reader" daemon [_thread_in_native, id=18435, stack(0x0000700000d41000,0x0000700000e41000)]
  0x00007f82ac830000 JavaThread "JDWP Event Helper Thread" daemon [_thread_blocked, id=17923, stack(0x0000700000c3e000,0x0000700000d3e000)]
=>0x00007f82ac82e800 JavaThread "JDWP Transport Listener: dt_socket" daemon [_thread_in_vm, id=17411, stack(0x0000700000b3b000,0x0000700000c3b000)]
  0x00007f82ad01d000 JavaThread "Signal Dispatcher" daemon [_thread_blocked, id=16899, stack(0x0000700000a38000,0x0000700000b38000)]
  0x00007f82ac817000 JavaThread "Finalizer" daemon [_thread_blocked, id=12291, stack(0x000070000082f000,0x000070000092f000)]
  0x00007f82ac816800 JavaThread "Reference Handler" daemon [_thread_blocked, id=11779, stack(0x000070000072c000,0x000070000082c000)]

Other Threads:
  0x00007f82ad014000 VMThread [stack: 0x0000700000629000,0x0000700000729000] [id=11267]
  0x00007f82ac161800 WatcherThread [stack: 0x0000700001559000,0x0000700001659000] [id=23555]

VM state:not at safepoint (normal execution)

VM Mutex/Monitor currently owned by a thread: None

Heap:
 PSYoungGen      total 144896K, used 117021K [0x000000078ab00000, 0x0000000796180000, 0x00000007c0000000)
  eden space 129536K, 83% used [0x000000078ab00000,0x0000000791438f40,0x0000000792980000)
  from space 15360K, 60% used [0x0000000793800000,0x000000079410e590,0x0000000794700000)
  to   space 14848K, 0% used [0x0000000792980000,0x0000000792980000,0x0000000793800000)
 ParOldGen       total 132096K, used 23285K [0x0000000720000000, 0x0000000728100000, 0x000000078ab00000)
  object space 132096K, 17% used [0x0000000720000000,0x00000007216bd680,0x0000000728100000)
 Metaspace       used 41223K, capacity 41704K, committed 42152K, reserved 1085440K
  class space    used 5027K, capacity 5177K, committed 5296K, reserved 1048576K

Card table byte_map: [0x0000000110edb000,0x00000001113dc000] byte_map_base: 0x000000010d5db000

Marking Bits: (ParMarkBitMap*) 0x000000010149c330
 Begin Bits: [0x0000000111732000, 0x0000000113f32000)
 End Bits:   [0x0000000113f32000, 0x0000000116732000)

Polling page: 0x0000000100378000

CodeCache: size=245760Kb used=15951Kb max_used=15994Kb free=229808Kb
 bounds [0x0000000101b1b000, 0x0000000102adb000, 0x0000000110b1b000]
 total_blobs=4683 nmethods=3999 adapters=605
 compilation: enabled

Compilation events (10 events):
Event: 180.683 Thread 0x00007f82ab839000 nmethod 4408 0x0000000102a73090 code [0x0000000102a73b80, 0x0000000102a84e58]
Event: 180.683 Thread 0x00007f82ab839000 4532       4       java.util.HashMap::putMapEntries (154 bytes)
Event: 180.697 Thread 0x00007f82ab839000 nmethod 4532 0x0000000102a3e4d0 code [0x0000000102a3e6e0, 0x0000000102a3f130]
Event: 180.697 Thread 0x00007f82ab839000 4481       4       sun.reflect.generics.parser.SignatureParser::parsePackageNameAndSimpleClassTypeSignature (139 bytes)
Event: 180.922 Thread 0x00007f82ac832000 nmethod 4705 0x0000000102a93750 code [0x0000000102a945e0, 0x0000000102a9e8a0]
Event: 180.922 Thread 0x00007f82ac832000 4603       4       java.util.TreeMap$PrivateEntryIterator::nextEntry (54 bytes)
Event: 180.925 Thread 0x00007f82ac832000 nmethod 4603 0x0000000102a3dfd0 code [0x0000000102a3e120, 0x0000000102a3e2f8]
Event: 180.925 Thread 0x00007f82ac832000 4471       4       org.springframework.core.convert.converter.GenericConverter$ConvertiblePair::hashCode (19 bytes)
Event: 180.926 Thread 0x00007f82ac832000 nmethod 4471 0x0000000102a3db90 code [0x0000000102a3dd00, 0x0000000102a3de78]
Event: 181.128 Thread 0x00007f82ab839000 nmethod 4481 0x0000000102ab0710 code [0x0000000102ab23c0, 0x0000000102abaf10]

GC Heap History (10 events):
Event: 9.370 GC heap before
{Heap before GC invocations=11 (full 2):
 PSYoungGen      total 120320K, used 14333K [0x000000078ab00000, 0x0000000794b80000, 0x00000007c0000000)
  eden space 105984K, 0% used [0x000000078ab00000,0x000000078ab00000,0x0000000791280000)
  from space 14336K, 99% used [0x0000000791280000,0x000000079207f470,0x0000000792080000)
  to   space 16384K, 0% used [0x0000000793b80000,0x0000000793b80000,0x0000000794b80000)
 ParOldGen       total 80896K, used 10988K [0x0000000720000000, 0x0000000724f00000, 0x000000078ab00000)
  object space 80896K, 13% used [0x0000000720000000,0x0000000720abb178,0x0000000724f00000)
 Metaspace       used 34806K, capacity 35118K, committed 35496K, reserved 1081344K
  class space    used 4189K, capacity 4266K, committed 4272K, reserved 1048576K
Event: 9.533 GC heap after
Heap after GC invocations=11 (full 2):
 PSYoungGen      total 120320K, used 0K [0x000000078ab00000, 0x0000000794b80000, 0x00000007c0000000)
  eden space 105984K, 0% used [0x000000078ab00000,0x000000078ab00000,0x0000000791280000)
  from space 14336K, 0% used [0x0000000791280000,0x0000000791280000,0x0000000792080000)
  to   space 16384K, 0% used [0x0000000793b80000,0x0000000793b80000,0x0000000794b80000)
 ParOldGen       total 132096K, used 23167K [0x0000000720000000, 0x0000000728100000, 0x000000078ab00000)
  object space 132096K, 17% used [0x0000000720000000,0x000000072169fd60,0x0000000728100000)
 Metaspace       used 34802K, capacity 35112K, committed 35496K, reserved 1081344K
  class space    used 4188K, capacity 4265K, committed 4272K, reserved 1048576K
}
Event: 11.819 GC heap before
{Heap before GC invocations=12 (full 2):
 PSYoungGen      total 120320K, used 105984K [0x000000078ab00000, 0x0000000794b80000, 0x00000007c0000000)
  eden space 105984K, 100% used [0x000000078ab00000,0x0000000791280000,0x0000000791280000)
  from space 14336K, 0% used [0x0000000791280000,0x0000000791280000,0x0000000792080000)
  to   space 16384K, 0% used [0x0000000793b80000,0x0000000793b80000,0x0000000794b80000)
 ParOldGen       total 132096K, used 23167K [0x0000000720000000, 0x0000000728100000, 0x000000078ab00000)
  object space 132096K, 17% used [0x0000000720000000,0x000000072169fd60,0x0000000728100000)
 Metaspace       used 37728K, capacity 38040K, committed 38568K, reserved 1083392K
  class space    used 4632K, capacity 4731K, committed 4784K, reserved 1048576K
Event: 11.833 GC heap after
Heap after GC invocations=12 (full 2):
 PSYoungGen      total 141824K, used 7476K [0x000000078ab00000, 0x0000000794800000, 0x00000007c0000000)
  eden space 129024K, 0% used [0x000000078ab00000,0x000000078ab00000,0x0000000792900000)
  from space 12800K, 58% used [0x0000000793b80000,0x00000007942cd200,0x0000000794800000)
  to   space 15872K, 0% used [0x0000000792900000,0x0000000792900000,0x0000000793880000)
 ParOldGen       total 132096K, used 23167K [0x0000000720000000, 0x0000000728100000, 0x000000078ab00000)
  object space 132096K, 17% used [0x0000000720000000,0x000000072169fd60,0x0000000728100000)
 Metaspace       used 37728K, capacity 38040K, committed 38568K, reserved 1083392K
  class space    used 4632K, capacity 4731K, committed 4784K, reserved 1048576K
}
Event: 177.155 GC heap before
{Heap before GC invocations=13 (full 2):
 PSYoungGen      total 141824K, used 59516K [0x000000078ab00000, 0x0000000794800000, 0x00000007c0000000)
  eden space 129024K, 40% used [0x000000078ab00000,0x000000078ddd2060,0x0000000792900000)
  from space 12800K, 58% used [0x0000000793b80000,0x00000007942cd200,0x0000000794800000)
  to   space 15872K, 0% used [0x0000000792900000,0x0000000792900000,0x0000000793880000)
 ParOldGen       total 132096K, used 23167K [0x0000000720000000, 0x0000000728100000, 0x000000078ab00000)
  object space 132096K, 17% used [0x0000000720000000,0x000000072169fd60,0x0000000728100000)
 Metaspace       used 40781K, capacity 41082K, committed 41512K, reserved 1085440K
  class space    used 5009K, capacity 5129K, committed 5168K, reserved 1048576K
Event: 177.168 GC heap after
Heap after GC invocations=13 (full 2):
 PSYoungGen      total 136704K, used 7226K [0x000000078ab00000, 0x0000000794700000, 0x00000007c0000000)
  eden space 129024K, 0% used [0x000000078ab00000,0x000000078ab00000,0x0000000792900000)
  from space 7680K, 94% used [0x0000000792900000,0x000000079300ea10,0x0000000793080000)
  to   space 15360K, 0% used [0x0000000793800000,0x0000000793800000,0x0000000794700000)
 ParOldGen       total 132096K, used 23175K [0x0000000720000000, 0x0000000728100000, 0x000000078ab00000)
  object space 132096K, 17% used [0x0000000720000000,0x00000007216a1d60,0x0000000728100000)
 Metaspace       used 40781K, capacity 41082K, committed 41512K, reserved 1085440K
  class space    used 5009K, capacity 5129K, committed 5168K, reserved 1048576K
}
Event: 177.168 GC heap before
{Heap before GC invocations=14 (full 3):
 PSYoungGen      total 136704K, used 7226K [0x000000078ab00000, 0x0000000794700000, 0x00000007c0000000)
  eden space 129024K, 0% used [0x000000078ab00000,0x000000078ab00000,0x0000000792900000)
  from space 7680K, 94% used [0x0000000792900000,0x000000079300ea10,0x0000000793080000)
  to   space 15360K, 0% used [0x0000000793800000,0x0000000793800000,0x0000000794700000)
 ParOldGen       total 132096K, used 23175K [0x0000000720000000, 0x0000000728100000, 0x000000078ab00000)
  object space 132096K, 17% used [0x0000000720000000,0x00000007216a1d60,0x0000000728100000)
 Metaspace       used 40781K, capacity 41082K, committed 41512K, reserved 1085440K
  class space    used 5009K, capacity 5129K, committed 5168K, reserved 1048576K
Event: 177.377 GC heap after
Heap after GC invocations=14 (full 3):
 PSYoungGen      total 136704K, used 0K [0x000000078ab00000, 0x0000000794700000, 0x00000007c0000000)
  eden space 129024K, 0% used [0x000000078ab00000,0x000000078ab00000,0x0000000792900000)
  from space 7680K, 0% used [0x0000000792900000,0x0000000792900000,0x0000000793080000)
  to   space 15360K, 0% used [0x0000000793800000,0x0000000793800000,0x0000000794700000)
 ParOldGen       total 132096K, used 23277K [0x0000000720000000, 0x0000000728100000, 0x000000078ab00000)
  object space 132096K, 17% used [0x0000000720000000,0x00000007216bb680,0x0000000728100000)
 Metaspace       used 40778K, capacity 41076K, committed 41512K, reserved 1085440K
  class space    used 5009K, capacity 5127K, committed 5168K, reserved 1048576K
}
Event: 178.529 GC heap before
{Heap before GC invocations=15 (full 3):
 PSYoungGen      total 136704K, used 129024K [0x000000078ab00000, 0x0000000794700000, 0x00000007c0000000)
  eden space 129024K, 100% used [0x000000078ab00000,0x0000000792900000,0x0000000792900000)
  from space 7680K, 0% used [0x0000000792900000,0x0000000792900000,0x0000000793080000)
  to   space 15360K, 0% used [0x0000000793800000,0x0000000793800000,0x0000000794700000)
 ParOldGen       total 132096K, used 23277K [0x0000000720000000, 0x0000000728100000, 0x000000078ab00000)
  object space 132096K, 17% used [0x0000000720000000,0x00000007216bb680,0x0000000728100000)
 Metaspace       used 40845K, capacity 41238K, committed 41768K, reserved 1085440K
  class space    used 5015K, capacity 5134K, committed 5168K, reserved 1048576K
Event: 178.547 GC heap after
Heap after GC invocations=15 (full 3):
 PSYoungGen      total 144896K, used 9273K [0x000000078ab00000, 0x0000000796180000, 0x00000007c0000000)
  eden space 129536K, 0% used [0x000000078ab00000,0x000000078ab00000,0x0000000792980000)
  from space 15360K, 60% used [0x0000000793800000,0x000000079410e590,0x0000000794700000)
  to   space 14848K, 0% used [0x0000000792980000,0x0000000792980000,0x0000000793800000)
 ParOldGen       total 132096K, used 23285K [0x0000000720000000, 0x0000000728100000, 0x000000078ab00000)
  object space 132096K, 17% used [0x0000000720000000,0x00000007216bd680,0x0000000728100000)
 Metaspace       used 40845K, capacity 41238K, committed 41768K, reserved 1085440K
  class space    used 5015K, capacity 5134K, committed 5168K, reserved 1048576K
}

Deoptimization events (10 events):
Event: 180.340 Thread 0x00007f82af186800 Uncommon trap: reason=unhandled action=none pc=0x00000001028c3ab8 method=java.lang.Class.getMethod(Ljava/lang/String;[Ljava/lang/Class;)Ljava/lang/reflect/Method; @ 61
Event: 180.340 Thread 0x00007f82af186800 Uncommon trap: reason=unhandled action=none pc=0x00000001028c3ab8 method=java.lang.Class.getMethod(Ljava/lang/String;[Ljava/lang/Class;)Ljava/lang/reflect/Method; @ 61
Event: 180.340 Thread 0x00007f82af186800 Uncommon trap: reason=unhandled action=none pc=0x00000001028c3ab8 method=java.lang.Class.getMethod(Ljava/lang/String;[Ljava/lang/Class;)Ljava/lang/reflect/Method; @ 61
Event: 180.341 Thread 0x00007f82af186800 Uncommon trap: reason=unhandled action=none pc=0x00000001028c3ab8 method=java.lang.Class.getMethod(Ljava/lang/String;[Ljava/lang/Class;)Ljava/lang/reflect/Method; @ 61
Event: 180.341 Thread 0x00007f82af186800 Uncommon trap: reason=unhandled action=none pc=0x00000001028c3ab8 method=java.lang.Class.getMethod(Ljava/lang/String;[Ljava/lang/Class;)Ljava/lang/reflect/Method; @ 61
Event: 180.341 Thread 0x00007f82af186800 Uncommon trap: reason=unhandled action=none pc=0x00000001028c3ab8 method=java.lang.Class.getMethod(Ljava/lang/String;[Ljava/lang/Class;)Ljava/lang/reflect/Method; @ 61
Event: 180.341 Thread 0x00007f82af186800 Uncommon trap: reason=unhandled action=none pc=0x00000001028c3ab8 method=java.lang.Class.getMethod(Ljava/lang/String;[Ljava/lang/Class;)Ljava/lang/reflect/Method; @ 61
Event: 180.341 Thread 0x00007f82af186800 Uncommon trap: reason=unhandled action=none pc=0x00000001028c3ab8 method=java.lang.Class.getMethod(Ljava/lang/String;[Ljava/lang/Class;)Ljava/lang/reflect/Method; @ 61
Event: 180.341 Thread 0x00007f82af186800 Uncommon trap: reason=unhandled action=none pc=0x00000001028c3ab8 method=java.lang.Class.getMethod(Ljava/lang/String;[Ljava/lang/Class;)Ljava/lang/reflect/Method; @ 61
Event: 180.341 Thread 0x00007f82af186800 Uncommon trap: reason=unhandled action=none pc=0x00000001028c3ab8 method=java.lang.Class.getMethod(Ljava/lang/String;[Ljava/lang/Class;)Ljava/lang/reflect/Method; @ 61

Internal exceptions (10 events):
Event: 179.894 Thread 0x00007f82af186800 Exception <a 'java/lang/ArrayIndexOutOfBoundsException': 6> (0x000000078fdbeaf0) thrown at [/HUDSON3/workspace/8-2-build-macosx-x86_64/jdk8u20/1074/hotspot/src/share/vm/interpreter/interpreterRuntime.cpp, line 366]
Event: 179.895 Thread 0x00007f82af186800 Exception <a 'java/lang/ArrayIndexOutOfBoundsException': 91> (0x000000078fdc7668) thrown at [/HUDSON3/workspace/8-2-build-macosx-x86_64/jdk8u20/1074/hotspot/src/share/vm/interpreter/interpreterRuntime.cpp, line 366]
Event: 179.900 Thread 0x00007f82af186800 Exception <a 'java/lang/ArrayIndexOutOfBoundsException': 91> (0x000000078fde8100) thrown at [/HUDSON3/workspace/8-2-build-macosx-x86_64/jdk8u20/1074/hotspot/src/share/vm/interpreter/interpreterRuntime.cpp, line 366]
Event: 179.902 Thread 0x00007f82af186800 Exception <a 'java/lang/ArrayIndexOutOfBoundsException': 273> (0x000000078fe08378) thrown at [/HUDSON3/workspace/8-2-build-macosx-x86_64/jdk8u20/1074/hotspot/src/share/vm/interpreter/interpreterRuntime.cpp, line 366]
Event: 179.909 Thread 0x00007f82af186800 Exception <a 'java/lang/ArrayIndexOutOfBoundsException': 184> (0x000000078fe4d1c8) thrown at [/HUDSON3/workspace/8-2-build-macosx-x86_64/jdk8u20/1074/hotspot/src/share/vm/interpreter/interpreterRuntime.cpp, line 366]
Event: 179.938 Thread 0x00007f82af186800 Exception <a 'java/lang/ArrayIndexOutOfBoundsException': 132> (0x000000078ffbfba0) thrown at [/HUDSON3/workspace/8-2-build-macosx-x86_64/jdk8u20/1074/hotspot/src/share/vm/interpreter/interpreterRuntime.cpp, line 366]
Event: 179.947 Thread 0x00007f82af186800 Exception <a 'java/security/PrivilegedActionException'> (0x0000000790003680) thrown at [/HUDSON3/workspace/8-2-build-macosx-x86_64/jdk8u20/1074/hotspot/src/share/vm/prims/jvm.cpp, line 1275]
Event: 179.964 Thread 0x00007f82af186800 Exception <a 'java/lang/ArrayIndexOutOfBoundsException': 251> (0x00000007900c6ae8) thrown at [/HUDSON3/workspace/8-2-build-macosx-x86_64/jdk8u20/1074/hotspot/src/share/vm/interpreter/interpreterRuntime.cpp, line 366]
Event: 179.967 Thread 0x00007f82af186800 Exception <a 'java/security/PrivilegedActionException'> (0x00000007900de338) thrown at [/HUDSON3/workspace/8-2-build-macosx-x86_64/jdk8u20/1074/hotspot/src/share/vm/prims/jvm.cpp, line 1275]
Event: 179.979 Thread 0x00007f82af186800 Exception <a 'java/security/PrivilegedActionException'> (0x0000000790150400) thrown at [/HUDSON3/workspace/8-2-build-macosx-x86_64/jdk8u20/1074/hotspot/src/share/vm/prims/jvm.cpp, line 1275]

Events (10 events):
Event: 189.453 Executing VM operation: RevokeBias
Event: 189.453 Executing VM operation: RevokeBias done
Event: 189.453 Thread 0x00007f82abab5800 Thread exited: 0x00007f82abab5800
Event: 189.453 Thread 0x00007f82ac0cd800 Thread exited: 0x00007f82ac0cd800
Event: 191.006 Executing VM operation: ChangeBreakpoints
Event: 191.006 Executing VM operation: ChangeBreakpoints done
Event: 191.006 Executing VM operation: ChangeBreakpoints
Event: 191.006 Executing VM operation: ChangeBreakpoints done
Event: 192.047 Executing VM operation: RedefineClasses
Event: 192.135 Executing VM operation: RedefineClasses done


Dynamic libraries:
0x000000000543b000 	/System/Library/Frameworks/Cocoa.framework/Versions/A/Cocoa
0x000000000543b000 	/System/Library/Frameworks/Security.framework/Versions/A/Security
0x000000000543b000 	/System/Library/Frameworks/ApplicationServices.framework/Versions/A/ApplicationServices
0x000000000543b000 	/usr/lib/libz.1.dylib
0x000000000543b000 	/usr/lib/libSystem.B.dylib
0x000000000543b000 	/usr/lib/libobjc.A.dylib
0x000000000543b000 	/System/Library/Frameworks/CoreFoundation.framework/Versions/A/CoreFoundation
0x000000000543b000 	/System/Library/Frameworks/Foundation.framework/Versions/C/Foundation
0x000000000543b000 	/System/Library/Frameworks/AppKit.framework/Versions/C/AppKit
0x000000000543b000 	/System/Library/Frameworks/CoreData.framework/Versions/A/CoreData
0x000000000543b000 	/System/Library/PrivateFrameworks/RemoteViewServices.framework/Versions/A/RemoteViewServices
0x000000000543b000 	/System/Library/PrivateFrameworks/UIFoundation.framework/Versions/A/UIFoundation
0x000000000543b000 	/usr/lib/libScreenReader.dylib
0x000000000543b000 	/System/Library/Frameworks/Accelerate.framework/Versions/A/Accelerate
0x000000000543b000 	/System/Library/Frameworks/IOSurface.framework/Versions/A/IOSurface
0x000000000543b000 	/System/Library/Frameworks/AudioToolbox.framework/Versions/A/AudioToolbox
0x000000000543b000 	/System/Library/Frameworks/AudioUnit.framework/Versions/A/AudioUnit
0x000000000543b000 	/System/Library/PrivateFrameworks/DataDetectorsCore.framework/Versions/A/DataDetectorsCore
0x000000000543b000 	/System/Library/PrivateFrameworks/DesktopServicesPriv.framework/Versions/A/DesktopServicesPriv
0x000000000543b000 	/System/Library/Frameworks/Carbon.framework/Versions/A/Frameworks/HIToolbox.framework/Versions/A/HIToolbox
0x000000000543b000 	/System/Library/Frameworks/QuartzCore.framework/Versions/A/QuartzCore
0x000000000543b000 	/System/Library/Frameworks/Carbon.framework/Versions/A/Frameworks/SpeechRecognition.framework/Versions/A/SpeechRecognition
0x000000000543b000 	/usr/lib/libauto.dylib
0x000000000543b000 	/usr/lib/libicucore.A.dylib
0x000000000543b000 	/usr/lib/libxml2.2.dylib
0x000000000543b000 	/System/Library/PrivateFrameworks/CoreUI.framework/Versions/A/CoreUI
0x000000000543b000 	/System/Library/Frameworks/CoreAudio.framework/Versions/A/CoreAudio
0x000000000543b000 	/System/Library/Frameworks/DiskArbitration.framework/Versions/A/DiskArbitration
0x000000000543b000 	/usr/lib/liblangid.dylib
0x000000000543b000 	/System/Library/PrivateFrameworks/MultitouchSupport.framework/Versions/A/MultitouchSupport
0x000000000543b000 	/System/Library/Frameworks/IOKit.framework/Versions/A/IOKit
0x000000000543b000 	/usr/lib/libDiagnosticMessagesClient.dylib
0x000000000543b000 	/System/Library/Frameworks/CoreServices.framework/Versions/A/CoreServices
0x000000000543b000 	/System/Library/PrivateFrameworks/PerformanceAnalysis.framework/Versions/A/PerformanceAnalysis
0x000000000543b000 	/System/Library/PrivateFrameworks/GenerationalStorage.framework/Versions/A/GenerationalStorage
0x000000000543b000 	/System/Library/Frameworks/OpenGL.framework/Versions/A/OpenGL
0x000000000543b000 	/System/Library/PrivateFrameworks/Sharing.framework/Versions/A/Sharing
0x000000000543b000 	/System/Library/Frameworks/CoreGraphics.framework/Versions/A/CoreGraphics
0x000000000543b000 	/System/Library/Frameworks/CoreImage.framework/Versions/A/CoreImage
0x000000000543b000 	/System/Library/Frameworks/CoreText.framework/Versions/A/CoreText
0x000000000543b000 	/System/Library/Frameworks/ImageIO.framework/Versions/A/ImageIO
0x000000000543b000 	/System/Library/PrivateFrameworks/Backup.framework/Versions/A/Backup
0x000000000543b000 	/usr/lib/libextension.dylib
0x000000000543b000 	/usr/lib/libarchive.2.dylib
0x000000000543b000 	/System/Library/Frameworks/CFNetwork.framework/Versions/A/CFNetwork
0x000000000543b000 	/System/Library/Frameworks/SystemConfiguration.framework/Versions/A/SystemConfiguration
0x000000000543b000 	/usr/lib/libCRFSuite.dylib
0x000000000543b000 	/usr/lib/libc++.1.dylib
0x000000000543b000 	/usr/lib/libc++abi.dylib
0x000000000543b000 	/usr/lib/system/libcache.dylib
0x000000000543b000 	/usr/lib/system/libcommonCrypto.dylib
0x000000000543b000 	/usr/lib/system/libcompiler_rt.dylib
0x000000000543b000 	/usr/lib/system/libcopyfile.dylib
0x000000000543b000 	/usr/lib/system/libcorecrypto.dylib
0x000000000543b000 	/usr/lib/system/libdispatch.dylib
0x000000000543b000 	/usr/lib/system/libdyld.dylib
0x000000000543b000 	/usr/lib/system/libkeymgr.dylib
0x000000000543b000 	/usr/lib/system/liblaunch.dylib
0x000000000543b000 	/usr/lib/system/libmacho.dylib
0x000000000543b000 	/usr/lib/system/libquarantine.dylib
0x000000000543b000 	/usr/lib/system/libremovefile.dylib
0x000000000543b000 	/usr/lib/system/libsystem_asl.dylib
0x000000000543b000 	/usr/lib/system/libsystem_blocks.dylib
0x000000000543b000 	/usr/lib/system/libsystem_c.dylib
0x000000000543b000 	/usr/lib/system/libsystem_configuration.dylib
0x000000000543b000 	/usr/lib/system/libsystem_coreservices.dylib
0x000000000543b000 	/usr/lib/system/libsystem_coretls.dylib
0x000000000543b000 	/usr/lib/system/libsystem_dnssd.dylib
0x000000000543b000 	/usr/lib/system/libsystem_info.dylib
0x000000000543b000 	/usr/lib/system/libsystem_kernel.dylib
0x000000000543b000 	/usr/lib/system/libsystem_m.dylib
0x000000000543b000 	/usr/lib/system/libsystem_malloc.dylib
0x000000000543b000 	/usr/lib/system/libsystem_network.dylib
0x000000000543b000 	/usr/lib/system/libsystem_networkextension.dylib
0x000000000543b000 	/usr/lib/system/libsystem_notify.dylib
0x000000000543b000 	/usr/lib/system/libsystem_platform.dylib
0x000000000543b000 	/usr/lib/system/libsystem_pthread.dylib
0x000000000543b000 	/usr/lib/system/libsystem_sandbox.dylib
0x000000000543b000 	/usr/lib/system/libsystem_secinit.dylib
0x000000000543b000 	/usr/lib/system/libsystem_trace.dylib
0x000000000543b000 	/usr/lib/system/libunc.dylib
0x000000000543b000 	/usr/lib/system/libunwind.dylib
0x000000000543b000 	/usr/lib/system/libxpc.dylib
0x000000000543b000 	/usr/lib/libenergytrace.dylib
0x000000000543b000 	/usr/lib/libbsm.0.dylib
0x000000000543b000 	/usr/lib/system/libkxld.dylib
0x000000000543b000 	/usr/lib/libxar.1.dylib
0x000000000543b000 	/usr/lib/libsqlite3.dylib
0x000000000543b000 	/usr/lib/libpam.2.dylib
0x000000000543b000 	/usr/lib/libOpenScriptingUtil.dylib
0x000000000543b000 	/usr/lib/libbz2.1.0.dylib
0x000000000543b000 	/usr/lib/liblzma.5.dylib
0x000000000543b000 	/System/Library/Frameworks/CoreServices.framework/Versions/A/Frameworks/FSEvents.framework/Versions/A/FSEvents
0x000000000543b000 	/System/Library/Frameworks/CoreServices.framework/Versions/A/Frameworks/CarbonCore.framework/Versions/A/CarbonCore
0x000000000543b000 	/System/Library/Frameworks/CoreServices.framework/Versions/A/Frameworks/Metadata.framework/Versions/A/Metadata
0x000000000543b000 	/System/Library/Frameworks/CoreServices.framework/Versions/A/Frameworks/OSServices.framework/Versions/A/OSServices
0x000000000543b000 	/System/Library/Frameworks/CoreServices.framework/Versions/A/Frameworks/SearchKit.framework/Versions/A/SearchKit
0x000000000543b000 	/System/Library/Frameworks/CoreServices.framework/Versions/A/Frameworks/AE.framework/Versions/A/AE
0x000000000543b000 	/System/Library/Frameworks/CoreServices.framework/Versions/A/Frameworks/LaunchServices.framework/Versions/A/LaunchServices
0x000000000543b000 	/System/Library/Frameworks/CoreServices.framework/Versions/A/Frameworks/DictionaryServices.framework/Versions/A/DictionaryServices
0x000000000543b000 	/System/Library/Frameworks/CoreServices.framework/Versions/A/Frameworks/SharedFileList.framework/Versions/A/SharedFileList
0x000000000543b000 	/System/Library/Frameworks/NetFS.framework/Versions/A/NetFS
0x000000000543b000 	/System/Library/PrivateFrameworks/NetAuth.framework/Versions/A/NetAuth
0x000000000543b000 	/System/Library/PrivateFrameworks/login.framework/Versions/A/Frameworks/loginsupport.framework/Versions/A/loginsupport
0x000000000543b000 	/System/Library/PrivateFrameworks/TCC.framework/Versions/A/TCC
0x000000000543b000 	/usr/lib/libmecabra.dylib
0x000000000543b000 	/System/Library/Frameworks/ApplicationServices.framework/Versions/A/Frameworks/ATS.framework/Versions/A/ATS
0x000000000543b000 	/System/Library/Frameworks/ApplicationServices.framework/Versions/A/Frameworks/ColorSync.framework/Versions/A/ColorSync
0x000000000543b000 	/System/Library/Frameworks/ApplicationServices.framework/Versions/A/Frameworks/HIServices.framework/Versions/A/HIServices
0x000000000543b000 	/System/Library/Frameworks/ApplicationServices.framework/Versions/A/Frameworks/LangAnalysis.framework/Versions/A/LangAnalysis
0x000000000543b000 	/System/Library/Frameworks/ApplicationServices.framework/Versions/A/Frameworks/PrintCore.framework/Versions/A/PrintCore
0x000000000543b000 	/System/Library/Frameworks/ApplicationServices.framework/Versions/A/Frameworks/QD.framework/Versions/A/QD
0x000000000543b000 	/System/Library/Frameworks/ApplicationServices.framework/Versions/A/Frameworks/SpeechSynthesis.framework/Versions/A/SpeechSynthesis
0x000000000543b000 	/System/Library/Frameworks/Metal.framework/Versions/A/Metal
0x000000000543b000 	/System/Library/Frameworks/Accelerate.framework/Versions/A/Frameworks/vImage.framework/Versions/A/vImage
0x000000000543b000 	/System/Library/Frameworks/Accelerate.framework/Versions/A/Frameworks/vecLib.framework/Versions/A/vecLib
0x000000000543b000 	/System/Library/Frameworks/Accelerate.framework/Versions/A/Frameworks/vecLib.framework/Versions/A/libvDSP.dylib
0x000000000543b000 	/System/Library/Frameworks/Accelerate.framework/Versions/A/Frameworks/vecLib.framework/Versions/A/libvMisc.dylib
0x000000000543b000 	/System/Library/Frameworks/Accelerate.framework/Versions/A/Frameworks/vecLib.framework/Versions/A/libLAPACK.dylib
0x000000000543b000 	/System/Library/Frameworks/Accelerate.framework/Versions/A/Frameworks/vecLib.framework/Versions/A/libBLAS.dylib
0x000000000543b000 	/System/Library/Frameworks/Accelerate.framework/Versions/A/Frameworks/vecLib.framework/Versions/A/libLinearAlgebra.dylib
0x000000000543b000 	/System/Library/Frameworks/Accelerate.framework/Versions/A/Frameworks/vecLib.framework/Versions/A/libSparseBLAS.dylib
0x000000000543b000 	/System/Library/PrivateFrameworks/GPUCompiler.framework/libmetal_timestamp.dylib
0x000000000543b000 	/System/Library/Frameworks/OpenGL.framework/Versions/A/Libraries/libCoreFSCache.dylib
0x000000000543b000 	/System/Library/PrivateFrameworks/IOAccelerator.framework/Versions/A/IOAccelerator
0x000000000543b000 	/System/Library/Frameworks/ApplicationServices.framework/Versions/A/Frameworks/ATS.framework/Versions/A/Resources/libFontParser.dylib
0x000000000543b000 	/System/Library/Frameworks/ApplicationServices.framework/Versions/A/Frameworks/ATS.framework/Versions/A/Resources/libFontRegistry.dylib
0x000000000543b000 	/System/Library/PrivateFrameworks/AppleVPA.framework/Versions/A/AppleVPA
0x000000000543b000 	/System/Library/PrivateFrameworks/AppleJPEG.framework/Versions/A/AppleJPEG
0x000000000543b000 	/System/Library/Frameworks/ImageIO.framework/Versions/A/Resources/libJPEG.dylib
0x000000000543b000 	/System/Library/Frameworks/ImageIO.framework/Versions/A/Resources/libTIFF.dylib
0x000000000543b000 	/System/Library/Frameworks/ImageIO.framework/Versions/A/Resources/libPng.dylib
0x000000000543b000 	/System/Library/Frameworks/ImageIO.framework/Versions/A/Resources/libGIF.dylib
0x000000000543b000 	/System/Library/Frameworks/ImageIO.framework/Versions/A/Resources/libJP2.dylib
0x000000000543b000 	/System/Library/Frameworks/ImageIO.framework/Versions/A/Resources/libRadiance.dylib
0x000000000543b000 	/System/Library/Frameworks/CoreVideo.framework/Versions/A/CoreVideo
0x000000000543b000 	/System/Library/Frameworks/OpenGL.framework/Versions/A/Libraries/libGLU.dylib
0x000000000543b000 	/System/Library/Frameworks/OpenGL.framework/Versions/A/Libraries/libGFXShared.dylib
0x000000000543b000 	/System/Library/Frameworks/OpenGL.framework/Versions/A/Libraries/libGL.dylib
0x000000000543b000 	/System/Library/Frameworks/OpenGL.framework/Versions/A/Libraries/libGLImage.dylib
0x000000000543b000 	/System/Library/Frameworks/OpenGL.framework/Versions/A/Libraries/libCVMSPluginSupport.dylib
0x000000000543b000 	/System/Library/Frameworks/OpenGL.framework/Versions/A/Libraries/libCoreVMClient.dylib
0x000000000543b000 	/usr/lib/libcompression.dylib
0x000000000543b000 	/usr/lib/libcups.2.dylib
0x000000000543b000 	/System/Library/Frameworks/Kerberos.framework/Versions/A/Kerberos
0x000000000543b000 	/System/Library/Frameworks/GSS.framework/Versions/A/GSS
0x000000000543b000 	/usr/lib/libresolv.9.dylib
0x000000000543b000 	/usr/lib/libiconv.2.dylib
0x000000000543b000 	/System/Library/PrivateFrameworks/Heimdal.framework/Versions/A/Heimdal
0x000000000543b000 	/usr/lib/libheimdal-asn1.dylib
0x000000000543b000 	/System/Library/Frameworks/OpenDirectory.framework/Versions/A/OpenDirectory
0x000000000543b000 	/System/Library/PrivateFrameworks/CommonAuth.framework/Versions/A/CommonAuth
0x000000000543b000 	/System/Library/Frameworks/OpenDirectory.framework/Versions/A/Frameworks/CFOpenDirectory.framework/Versions/A/CFOpenDirectory
0x000000000543b000 	/System/Library/Frameworks/SecurityFoundation.framework/Versions/A/SecurityFoundation
0x000000000543b000 	/System/Library/PrivateFrameworks/LanguageModeling.framework/Versions/A/LanguageModeling
0x000000000543b000 	/usr/lib/libmarisa.dylib
0x000000000543b000 	/usr/lib/libChineseTokenizer.dylib
0x000000000543b000 	/usr/lib/libcmph.dylib
0x000000000543b000 	/System/Library/Frameworks/ServiceManagement.framework/Versions/A/ServiceManagement
0x000000000543b000 	/usr/lib/libxslt.1.dylib
0x000000000543b000 	/System/Library/Frameworks/Carbon.framework/Versions/A/Frameworks/Ink.framework/Versions/A/Ink
0x000000000543b000 	/usr/lib/libFosl_dynamic.dylib
0x000000000543b000 	/System/Library/PrivateFrameworks/FaceCore.framework/Versions/A/FaceCore
0x000000000543b000 	/System/Library/Frameworks/OpenCL.framework/Versions/A/OpenCL
0x000000000543b000 	/System/Library/PrivateFrameworks/CrashReporterSupport.framework/Versions/A/CrashReporterSupport
0x000000000543b000 	/System/Library/PrivateFrameworks/IconServices.framework/Versions/A/IconServices
0x000000000543b000 	/System/Library/PrivateFrameworks/Apple80211.framework/Versions/A/Apple80211
0x000000000543b000 	/System/Library/Frameworks/CoreWLAN.framework/Versions/A/CoreWLAN
0x000000000543b000 	/System/Library/Frameworks/IOBluetooth.framework/Versions/A/IOBluetooth
0x000000000543b000 	/System/Library/PrivateFrameworks/CoreWiFi.framework/Versions/A/CoreWiFi
0x000000000543b000 	/System/Library/Frameworks/CoreBluetooth.framework/Versions/A/CoreBluetooth
0x000000000543b000 	/System/Library/PrivateFrameworks/ChunkingLibrary.framework/Versions/A/ChunkingLibrary
0x000000000543b000 	/System/Library/PrivateFrameworks/DebugSymbols.framework/Versions/A/DebugSymbols
0x000000000543b000 	/System/Library/PrivateFrameworks/CoreSymbolication.framework/Versions/A/CoreSymbolication
0x000000000543b000 	/System/Library/PrivateFrameworks/Symbolication.framework/Versions/A/Symbolication
0x000000000543b000 	/System/Library/PrivateFrameworks/SpeechRecognitionCore.framework/Versions/A/SpeechRecognitionCore
0x0000000100c00000 	/Library/Java/JavaVirtualMachines/jdk1.8.0_20.jdk/Contents/Home/jre/lib/server/libjvm.dylib
0x000000000543b000 	/usr/lib/libstdc++.6.dylib
0x0000000100336000 	/Library/Java/JavaVirtualMachines/jdk1.8.0_20.jdk/Contents/Home/jre/lib/libverify.dylib
0x0000000100344000 	/Library/Java/JavaVirtualMachines/jdk1.8.0_20.jdk/Contents/Home/jre/lib/libjava.dylib
0x0000000100379000 	/Library/Java/JavaVirtualMachines/jdk1.8.0_20.jdk/Contents/Home/jre/lib/libjdwp.dylib
0x00000001003c4000 	/Library/Java/JavaVirtualMachines/jdk1.8.0_20.jdk/Contents/Home/jre/lib/libnpt.dylib
0x00000001003d1000 	/Library/Java/JavaVirtualMachines/jdk1.8.0_20.jdk/Contents/Home/jre/lib/libzip.dylib
0x000000011870f000 	/System/Library/Frameworks/JavaVM.framework/Frameworks/JavaRuntimeSupport.framework/JavaRuntimeSupport
0x000000011872a000 	/System/Library/Frameworks/JavaVM.framework/Versions/A/Frameworks/JavaNativeFoundation.framework/Versions/A/JavaNativeFoundation
0x000000011873f000 	/System/Library/Frameworks/JavaVM.framework/Versions/A/JavaVM
0x000000000543b000 	/System/Library/Frameworks/Carbon.framework/Versions/A/Carbon
0x000000011874c000 	/System/Library/PrivateFrameworks/JavaLaunching.framework/Versions/A/JavaLaunching
0x000000000543b000 	/System/Library/Frameworks/Carbon.framework/Versions/A/Frameworks/CommonPanels.framework/Versions/A/CommonPanels
0x000000000543b000 	/System/Library/Frameworks/Carbon.framework/Versions/A/Frameworks/Help.framework/Versions/A/Help
0x000000000543b000 	/System/Library/Frameworks/Carbon.framework/Versions/A/Frameworks/ImageCapture.framework/Versions/A/ImageCapture
0x000000000543b000 	/System/Library/Frameworks/Carbon.framework/Versions/A/Frameworks/OpenScripting.framework/Versions/A/OpenScripting
0x000000000543b000 	/System/Library/Frameworks/Carbon.framework/Versions/A/Frameworks/Print.framework/Versions/A/Print
0x000000000543b000 	/System/Library/Frameworks/Carbon.framework/Versions/A/Frameworks/SecurityHI.framework/Versions/A/SecurityHI
0x000000011a06a000 	/Library/Java/JavaVirtualMachines/jdk1.8.0_20.jdk/Contents/Home/jre/lib/libdt_socket.dylib
0x000000011a071000 	/Library/Java/JavaVirtualMachines/jdk1.8.0_20.jdk/Contents/Home/jre/lib/libmanagement.dylib
0x000000011a07e000 	/Library/Java/JavaVirtualMachines/jdk1.8.0_20.jdk/Contents/Home/jre/lib/libnet.dylib
0x000000011a0dd000 	/Library/Java/JavaVirtualMachines/jdk1.8.0_20.jdk/Contents/Home/jre/lib/libnio.dylib

VM Arguments:
jvm_args: -agentlib:jdwp=transport=dt_socket,suspend=y,address=localhost:50066 -Dcom.sun.management.jmxremote -Dcom.sun.management.jmxremote.port=50065 -Dcom.sun.management.jmxremote.authenticate=false -Dcom.sun.management.jmxremote.ssl=false -Dspring.liveBeansView.mbeanDomain -Dspring.application.admin.enabled=true -Djava.security.egd=file:/dev/./urandom -Dfile.encoding=UTF-8 
java_command: com.sapan.RedisDemoApplication --spring.output.ansi.enabled=always
java_class_path (initial): /Users/kashishgarg/redis/redis-demo/target/classes:/Users/kashishgarg/.m2/repository/org/springframework/boot/spring-boot-starter-cache/1.4.0.RELEASE/spring-boot-starter-cache-1.4.0.RELEASE.jar:/Users/kashishgarg/.m2/repository/org/springframework/boot/spring-boot-starter/1.4.0.RELEASE/spring-boot-starter-1.4.0.RELEASE.jar:/Users/kashishgarg/.m2/repository/org/springframework/boot/spring-boot-starter-logging/1.4.0.RELEASE/spring-boot-starter-logging-1.4.0.RELEASE.jar:/Users/kashishgarg/.m2/repository/ch/qos/logback/logback-classic/1.1.7/logback-classic-1.1.7.jar:/Users/kashishgarg/.m2/repository/ch/qos/logback/logback-core/1.1.7/logback-core-1.1.7.jar:/Users/kashishgarg/.m2/repository/org/slf4j/jul-to-slf4j/1.7.21/jul-to-slf4j-1.7.21.jar:/Users/kashishgarg/.m2/repository/org/slf4j/log4j-over-slf4j/1.7.21/log4j-over-slf4j-1.7.21.jar:/Users/kashishgarg/.m2/repository/org/yaml/snakeyaml/1.17/snakeyaml-1.17.jar:/Users/kashishgarg/.m2/repository/org/springframework/spring-context/4.3.2.RELEASE/spring-context-4.3.2.RELEASE.jar:/Users/kashishgarg/.m2/repository/org/springframework/spring-beans/4.3.2.RELEASE/spring-beans-4.3.2.RELEASE.jar:/Users/kashishgarg/.m2/repository/org/springframework/spring-expression/4.3.2.RELEASE/spring-expression-4.3.2.RELEASE.jar:/Users/kashishgarg/.m2/repository/org/springframework/spring-context-support/4.3.2.RELEASE/spring-context-support-4.3.2.RELEASE.jar:/Users/kashishgarg/.m2/repository/org/springframework/boot/spring-boot-starter-cloud-connectors/1.4.0.RELEASE/spring-boot-starter-cloud-connectors-1.4.0.RELEASE.jar:/Users/kashishgarg/.m2/repository/org/springframework/cloud/spring-cloud-spring-service-connector/1.2.3.RELEASE/spring-cloud-spring-service-connector-1.2.3.RELEASE.jar:/Users/kashishgarg/.m2/repository/org/springframework/cloud/spring-cloud-core/1.2.3.RELEASE/spring-cloud-core-1.2.3.RELEASE.jar:/Users/kashishgarg/.m2/repository/org/springframework/cloud/spring-cloud-cloudfoundry-connector/1.2.3.RELEA
Launcher Type: SUN_STANDARD

Environment Variables:
PATH=/usr/bin:/bin:/usr/sbin:/sbin
SHELL=/bin/bash

Signal Handlers:
SIGSEGV: [libjvm.dylib+0x578fd7], sa_mask[0]=11111111011111110111111111111111, sa_flags=SA_ONSTACK|SA_RESTART|SA_SIGINFO
SIGBUS: [libjvm.dylib+0x578fd7], sa_mask[0]=11111111011111110111111111111111, sa_flags=SA_RESTART|SA_SIGINFO
SIGFPE: [libjvm.dylib+0x45ab0c], sa_mask[0]=11111111011111110111111111111111, sa_flags=SA_RESTART|SA_SIGINFO
SIGPIPE: [libjvm.dylib+0x45ab0c], sa_mask[0]=11111111011111110111111111111111, sa_flags=SA_RESTART|SA_SIGINFO
SIGXFSZ: [libjvm.dylib+0x45ab0c], sa_mask[0]=11111111011111110111111111111111, sa_flags=SA_RESTART|SA_SIGINFO
SIGILL: [libjvm.dylib+0x45ab0c], sa_mask[0]=11111111011111110111111111111111, sa_flags=SA_RESTART|SA_SIGINFO
SIGUSR1: SIG_DFL, sa_mask[0]=00000000000000000000000000000000, sa_flags=none
SIGUSR2: [libjvm.dylib+0x45a62a], sa_mask[0]=00100000000000000000000000000000, sa_flags=SA_RESTART|SA_SIGINFO
SIGHUP: [libjvm.dylib+0x458bfd], sa_mask[0]=11111111011111110111111111111111, sa_flags=SA_RESTART|SA_SIGINFO
SIGINT: [libjvm.dylib+0x458bfd], sa_mask[0]=11111111011111110111111111111111, sa_flags=SA_RESTART|SA_SIGINFO
SIGTERM: [libjvm.dylib+0x458bfd], sa_mask[0]=11111111011111110111111111111111, sa_flags=SA_RESTART|SA_SIGINFO
SIGQUIT: [libjvm.dylib+0x458bfd], sa_mask[0]=11111111011111110111111111111111, sa_flags=SA_RESTART|SA_SIGINFO


---------------  S Y S T E M  ---------------

OS:Bsduname:Darwin 15.5.0 Darwin Kernel Version 15.5.0: Tue Apr 19 18:36:36 PDT 2016; root:xnu-3248.50.21~8/RELEASE_X86_64 x86_64
rlimit: STACK 8192k, CORE 0k, NPROC 709, NOFILE 10240, AS infinity
load average:2.26 2.23 2.73

CPU:total 4 (2 cores per cpu, 2 threads per core) family 6 model 42 stepping 7, cmov, cx8, fxsr, mmx, sse, sse2, sse3, ssse3, sse4.1, sse4.2, popcnt, avx, aes, clmul, ht, tsc, tscinvbit

Memory: 4k page, physical 10485760k(3364288k free)

/proc/meminfo:


vm_info: Java HotSpot(TM) 64-Bit Server VM (25.20-b23) for bsd-amd64 JRE (1.8.0_20-b26), built on Jul 30 2014 13:37:47 by "java_re" with gcc 4.2.1 (Based on Apple Inc. build 5658) (LLVM build 2336.9.00)

time: Wed Aug  3 10:35:28 2016
elapsed time: 192 seconds (0d 0h 3m 12s)

